------------------------------------------------------------------------------------------------------------------------

[2017-03-29 18:41:15 #1 store] 
Database 'C:\Users\ivan7\git\RepositoryRH\resources\ruralHouses.odb' has been recovered (tr. 43-43)

[2017-03-29 18:41:15 #2 store] 
Database 'C:\Users\ivan7\git\RepositoryRH\resources\ruralHouses.odb' is opened by 9060@ivan7-PC

[2017-03-29 18:41:15 #3 type] 
Type domain.RuralHouse is not enhanced.

[2017-03-29 18:41:15 #4 type] 
Type domain.Offer is not enhanced.

[2017-03-29 18:41:15 #5 type] 
Type domain.Owner is not enhanced.

[2017-03-29 18:41:15 #6 type] 
Type domain.Client is not enhanced.

------------------------------------------------------------------------------------------------------------------------

[2017-03-29 18:48:19 #1 store] 
Database 'C:\Users\ivan7\git\RepositoryRH\resources\ruralHouses.odb' is opened by 3080@ivan7-PC

[2017-03-29 18:48:20 #2 type] 
Type domain.RuralHouse is not enhanced.

[2017-03-29 18:48:20 #3 type] 
Type domain.Offer is not enhanced.

[2017-03-29 18:48:20 #4 type] 
Type domain.Owner is not enhanced.

[2017-03-29 18:48:20 #5 type] 
Type domain.Client is not enhanced.

------------------------------------------------------------------------------------------------------------------------

[2017-03-29 18:53:27 #1 store] 
Database 'C:\Users\ivan7\git\RepositoryRH\resources\ruralHouses.odb' is opened by 8688@ivan7-PC

[2017-03-29 18:53:27 #2 type] 
Type domain.RuralHouse is not enhanced.

[2017-03-29 18:53:27 #3 type] 
Type domain.Offer is not enhanced.

[2017-03-29 18:53:27 #4 type] 
Type domain.Owner is not enhanced.

[2017-03-29 18:53:27 #5 type] 
Type domain.Client is not enhanced.

------------------------------------------------------------------------------------------------------------------------

[2017-03-29 18:54:05 #1 store] 
Database 'C:\Users\ivan7\git\RepositoryRH\resources\ruralHouses.odb' is opened by 7484@ivan7-PC

[2017-03-29 18:54:05 #2 type] 
Type domain.RuralHouse is not enhanced.

[2017-03-29 18:54:05 #3 type] 
Type domain.Offer is not enhanced.

[2017-03-29 18:54:05 #4 type] 
Type domain.Owner is not enhanced.

[2017-03-29 18:54:05 #5 type] 
Type domain.Client is not enhanced.

------------------------------------------------------------------------------------------------------------------------

[2017-03-29 18:56:33 #1 store] 
Database 'C:\Users\ivan7\git\RepositoryRH\resources\ruralHouses.odb' is opened by 2344@ivan7-PC

[2017-03-29 18:56:33 #2 type] 
Type domain.RuralHouse is not enhanced.

[2017-03-29 18:56:33 #3 type] 
Type domain.Offer is not enhanced.

[2017-03-29 18:56:33 #4 type] 
Type domain.Owner is not enhanced.

[2017-03-29 18:56:33 #5 type] 
Type domain.Client is not enhanced.

------------------------------------------------------------------------------------------------------------------------

[2017-03-29 18:57:07 #1 store] 
Database 'C:\Users\ivan7\git\RepositoryRH\resources\ruralHouses.odb' is opened by 1012@ivan7-PC

[2017-03-29 18:57:07 #2 type] 
Type domain.RuralHouse is not enhanced.

[2017-03-29 18:57:07 #3 type] 
Type domain.Offer is not enhanced.

[2017-03-29 18:57:07 #4 type] 
Type domain.Owner is not enhanced.

[2017-03-29 18:57:07 #5 type] 
Type domain.Client is not enhanced.

------------------------------------------------------------------------------------------------------------------------

[2017-03-29 19:33:39 #1 store] 
Database 'C:\Users\ivan7\git\RepositoryRH\resources\ruralHouses.odb' is opened by 5668@ivan7-PC

[2017-03-29 19:33:39 #2 type] 
Type domain.RuralHouse is not enhanced.

[2017-03-29 19:33:39 #3 type] 
Type domain.Offer is not enhanced.

[2017-03-29 19:33:39 #4 type] 
Type domain.Owner is not enhanced.

[2017-03-29 19:33:39 #5 type] 
Type domain.Client is not enhanced.

------------------------------------------------------------------------------------------------------------------------

[2017-03-29 19:35:45 #1 store] 
Database 'C:\Users\ivan7\git\RepositoryRH\resources\ruralHouses.odb' has been recovered (tr. 44-45)

[2017-03-29 19:35:45 #2 store] 
Database 'C:\Users\ivan7\git\RepositoryRH\resources\ruralHouses.odb' is opened by 9208@ivan7-PC

[2017-03-29 19:35:46 #3 type] 
Type domain.RuralHouse is not enhanced.

[2017-03-29 19:35:46 #4 type] 
Type domain.Offer is not enhanced.

[2017-03-29 19:35:46 #5 type] 
Type domain.Owner is not enhanced.

[2017-03-29 19:35:46 #6 type] 
Type domain.Client is not enhanced.

------------------------------------------------------------------------------------------------------------------------

[2017-03-29 19:35:51 #1 store] 
Database 'C:\Users\ivan7\git\RepositoryRH\resources\ruralHouses.odb' is opened by 8648@ivan7-PC

[2017-03-29 19:35:51 #2 type] 
Type domain.RuralHouse is not enhanced.

[2017-03-29 19:35:51 #3 type] 
Type domain.Offer is not enhanced.

[2017-03-29 19:35:51 #4 type] 
Type domain.Owner is not enhanced.

[2017-03-29 19:35:51 #5 type] 
Type domain.Client is not enhanced.

------------------------------------------------------------------------------------------------------------------------

[2017-03-29 19:43:55 #1 store] 
Database 'C:\Users\ivan7\git\RepositoryRH\resources\ruralHouses.odb' has been recovered (tr. 46-46)

[2017-03-29 19:43:56 #2 store] 
Database 'C:\Users\ivan7\git\RepositoryRH\resources\ruralHouses.odb' is opened by 8052@ivan7-PC

[2017-03-29 19:43:56 #3 type] 
Type domain.RuralHouse is not enhanced.

[2017-03-29 19:43:56 #4 type] 
Type domain.Offer is not enhanced.

[2017-03-29 19:43:56 #5 type] 
Type domain.Owner is not enhanced.

[2017-03-29 19:43:56 #6 type] 
Type domain.Client is not enhanced.

------------------------------------------------------------------------------------------------------------------------

[2017-03-29 19:51:14 #1 store] 
Database 'C:\Users\ivan7\git\RepositoryRH\resources\ruralHouses.odb' has been recovered (tr. 47-47)

[2017-03-29 19:51:14 #2 store] 
Database 'C:\Users\ivan7\git\RepositoryRH\resources\ruralHouses.odb' is opened by 5444@ivan7-PC

[2017-03-29 19:51:14 #3 type] 
Type domain.RuralHouse is not enhanced.

[2017-03-29 19:51:14 #4 type] 
Type domain.Offer is not enhanced.

[2017-03-29 19:51:14 #5 type] 
Type domain.Owner is not enhanced.

[2017-03-29 19:51:14 #6 type] 
Type domain.Client is not enhanced.

------------------------------------------------------------------------------------------------------------------------

[2017-03-29 19:54:15 #1 store] 
Database 'C:\Users\ivan7\git\RepositoryRH\resources\ruralHouses.odb' has been recovered (tr. 48-48)

[2017-03-29 19:54:15 #2 store] 
Database 'C:\Users\ivan7\git\RepositoryRH\resources\ruralHouses.odb' is opened by 3232@ivan7-PC

[2017-03-29 19:54:15 #3 type] 
Type domain.RuralHouse is not enhanced.

[2017-03-29 19:54:15 #4 type] 
Type domain.Offer is not enhanced.

[2017-03-29 19:54:15 #5 type] 
Type domain.Owner is not enhanced.

[2017-03-29 19:54:15 #6 type] 
Type domain.Client is not enhanced.

------------------------------------------------------------------------------------------------------------------------

[2017-03-29 19:57:04 #1 store] 
Database 'C:\Users\ivan7\git\RepositoryRH\resources\ruralHouses.odb' has been recovered (tr. 49-49)

[2017-03-29 19:57:04 #2 store] 
Database 'C:\Users\ivan7\git\RepositoryRH\resources\ruralHouses.odb' is opened by 8512@ivan7-PC

[2017-03-29 19:57:04 #3 type] 
Type domain.RuralHouse is not enhanced.

[2017-03-29 19:57:04 #4 type] 
Type domain.Offer is not enhanced.

[2017-03-29 19:57:04 #5 type] 
Type domain.Owner is not enhanced.

[2017-03-29 19:57:04 #6 type] 
Type domain.Client is not enhanced.

------------------------------------------------------------------------------------------------------------------------

[2017-03-29 19:57:14 #1 store] 
Database 'C:\Users\ivan7\git\RepositoryRH\resources\ruralHouses.odb' is opened by 916@ivan7-PC

[2017-03-29 19:57:14 #2 type] 
Type domain.RuralHouse is not enhanced.

[2017-03-29 19:57:14 #3 type] 
Type domain.Offer is not enhanced.

[2017-03-29 19:57:14 #4 type] 
Type domain.Owner is not enhanced.

[2017-03-29 19:57:14 #5 type] 
Type domain.Client is not enhanced.

