------------------------------------------------------------------------------------------------------------------------

[2017-05-11 12:10:15 #1 store] 
Database 'C:\Users\xabie\git\RepositoryRH\resources\ruralHouses.odb' is opened by 12908@MSI

[2017-05-11 12:10:15 #2 type] 
Type domain.Admin is not enhanced.

[2017-05-11 12:10:15 #3 type] 
Type domain.Owner is not enhanced.

[2017-05-11 12:10:15 #4 type] 
Type domain.RuralHouse is not enhanced.

[2017-05-11 12:10:15 #5 type] 
Type domain.Offer is not enhanced.

[2017-05-11 12:10:15 #6 type] 
Type domain.Report is not enhanced.

[2017-05-11 12:10:15 #7 type] 
Type domain.ClientReport is not enhanced.

[2017-05-11 12:10:15 #8 type] 
Type domain.Client is not enhanced.

[2017-05-11 12:10:15 #9 type] 
Type domain.HouseReport is not enhanced.

[2017-05-11 12:10:15 #10 type] 
Type domain.OwnerReport is not enhanced.

------------------------------------------------------------------------------------------------------------------------

[2017-05-11 12:14:24 #1 store] 
Database 'C:\Users\xabie\git\RepositoryRH\resources\ruralHouses.odb' is opened by 11492@MSI

[2017-05-11 12:14:24 #2 type] 
Type domain.Admin is not enhanced.

[2017-05-11 12:14:24 #3 type] 
Type domain.Owner is not enhanced.

[2017-05-11 12:14:24 #4 type] 
Type domain.RuralHouse is not enhanced.

[2017-05-11 12:14:24 #5 type] 
Type domain.Offer is not enhanced.

[2017-05-11 12:14:24 #6 type] 
Type domain.Report is not enhanced.

[2017-05-11 12:14:24 #7 type] 
Type domain.ClientReport is not enhanced.

[2017-05-11 12:14:24 #8 type] 
Type domain.Client is not enhanced.

[2017-05-11 12:14:24 #9 type] 
Type domain.HouseReport is not enhanced.

[2017-05-11 12:14:24 #10 type] 
Type domain.OwnerReport is not enhanced.

------------------------------------------------------------------------------------------------------------------------

[2017-05-11 12:17:03 #1 store] 
Database 'C:\Users\xabie\git\RepositoryRH\resources\ruralHouses.odb' is opened by 11724@MSI

[2017-05-11 12:17:03 #2 type] 
Type domain.Admin is not enhanced.

[2017-05-11 12:17:03 #3 type] 
Type domain.Owner is not enhanced.

[2017-05-11 12:17:03 #4 type] 
Type domain.RuralHouse is not enhanced.

[2017-05-11 12:17:03 #5 type] 
Type domain.Offer is not enhanced.

[2017-05-11 12:17:03 #6 type] 
Type domain.Report is not enhanced.

[2017-05-11 12:17:03 #7 type] 
Type domain.ClientReport is not enhanced.

[2017-05-11 12:17:03 #8 type] 
Type domain.Client is not enhanced.

[2017-05-11 12:17:03 #9 type] 
Type domain.HouseReport is not enhanced.

[2017-05-11 12:17:03 #10 type] 
Type domain.OwnerReport is not enhanced.

------------------------------------------------------------------------------------------------------------------------

[2017-05-11 12:21:10 #1 store] 
Database 'C:\Users\xabie\git\RepositoryRH\resources\ruralHouses.odb' is opened by 13796@MSI

[2017-05-11 12:21:29 #2 type.registry] 
New type domain.User

[2017-05-11 12:21:29 #3 type.registry] 
New type domain.Owner

[2017-05-11 12:21:29 #4 type] 
Type domain.Owner is not enhanced.

[2017-05-11 12:21:29 #5 type.registry] 
New type domain.RuralHouse

[2017-05-11 12:21:29 #6 type.registry] 
New type java.util.Vector<domain.RuralHouse>

[2017-05-11 12:21:29 #7 type] 
Type domain.RuralHouse is not enhanced.

[2017-05-11 12:21:29 #8 type.registry] 
New type domain.Offer

[2017-05-11 12:21:29 #9 type.registry] 
New type java.util.Vector<domain.Offer>

[2017-05-11 12:21:29 #10 type] 
Type domain.Offer is not enhanced.

[2017-05-11 12:21:29 #11 type.registry] 
New type java.util.Vector<java.lang.Object>

------------------------------------------------------------------------------------------------------------------------

[2017-05-11 12:21:47 #1 store] 
Database 'C:\Users\xabie\git\RepositoryRH\resources\ruralHouses.odb' has been recovered (tr. 1-5)

[2017-05-11 12:21:47 #2 store] 
Database 'C:\Users\xabie\git\RepositoryRH\resources\ruralHouses.odb' is opened by 3364@MSI

[2017-05-11 12:21:48 #3 type] 
Type domain.Owner is not enhanced.

[2017-05-11 12:21:48 #4 type] 
Type domain.RuralHouse is not enhanced.

[2017-05-11 12:21:48 #5 type] 
Type domain.Offer is not enhanced.

