------------------------------------------------------------------------------------------------------------------------

[2017-03-10 11:05:21 #1 store] 
Database 'C:\Users\ehu\workspace\WSRuralHouse-2017\resources\ruralHouses.odb' has been recovered (tr. 24-26)

[2017-03-10 11:05:21 #2 store] 
Database 'C:\Users\ehu\workspace\WSRuralHouse-2017\resources\ruralHouses.odb' is opened by 2228@U030074

[2017-03-10 11:05:22 #3 type] 
Type domain.RuralHouse is not enhanced.

[2017-03-10 11:05:22 #4 type] 
Type domain.Offer is not enhanced.

[2017-03-10 11:05:22 #5 type] 
Type domain.Owner is not enhanced.

------------------------------------------------------------------------------------------------------------------------

[2017-03-10 12:03:10 #1 store] 
Database 'C:\Users\ehu\workspace\WSRuralHouse-2017\resources\ruralHouses.odb' is opened by 4204@U030074

[2017-03-10 12:03:10 #2 type] 
Type domain.RuralHouse is not enhanced.

[2017-03-10 12:03:10 #3 type] 
Type domain.Offer is not enhanced.

[2017-03-10 12:03:10 #4 type] 
Type domain.Owner is not enhanced.

------------------------------------------------------------------------------------------------------------------------

[2017-03-10 12:03:19 #1 store] 
Database 'C:\Users\ehu\workspace\WSRuralHouse-2017\resources\ruralHouses.odb' is opened by 7060@U030074

[2017-03-10 12:03:19 #2 type] 
Type domain.RuralHouse is not enhanced.

[2017-03-10 12:03:19 #3 type] 
Type domain.Offer is not enhanced.

[2017-03-10 12:03:19 #4 type] 
Type domain.Owner is not enhanced.

------------------------------------------------------------------------------------------------------------------------

[2017-03-10 12:04:10 #1 store] 
Database 'C:\Users\ehu\workspace\WSRuralHouse-2017\resources\ruralHouses.odb' is opened by 4200@U030074

[2017-03-10 12:04:10 #2 type] 
Type domain.RuralHouse is not enhanced.

[2017-03-10 12:04:10 #3 type] 
Type domain.Offer is not enhanced.

[2017-03-10 12:04:10 #4 type] 
Type domain.Owner is not enhanced.

------------------------------------------------------------------------------------------------------------------------

[2017-03-10 12:04:36 #1 store] 
Database 'C:\Users\ehu\workspace\WSRuralHouse-2017\resources\ruralHouses.odb' is opened by 5612@U030074

[2017-03-10 12:04:36 #2 type] 
Type domain.RuralHouse is not enhanced.

[2017-03-10 12:04:36 #3 type] 
Type domain.Offer is not enhanced.

[2017-03-10 12:04:36 #4 type] 
Type domain.Owner is not enhanced.

