------------------------------------------------------------------------------------------------------------------------

[2017-04-03 17:15:40 #1 store] 
Database 'C:\Users\ivan7\git\RepositoryRH\resources\ruralHouses.odb' is opened by 6596@ivan7-PC

[2017-04-03 17:15:40 #2 type] 
Type domain.RuralHouse is not enhanced.

[2017-04-03 17:15:40 #3 type] 
Type domain.Offer is not enhanced.

[2017-04-03 17:15:40 #4 type] 
Type domain.Owner is not enhanced.

[2017-04-03 17:15:40 #5 type] 
Type domain.Client is not enhanced.

------------------------------------------------------------------------------------------------------------------------

[2017-04-03 17:18:21 #1 store] 
Database 'C:\Users\ivan7\git\RepositoryRH\resources\ruralHouses.odb' is opened by 8068@ivan7-PC

[2017-04-03 17:18:21 #2 type] 
Type domain.RuralHouse is not enhanced.

[2017-04-03 17:18:21 #3 type] 
Type domain.Offer is not enhanced.

[2017-04-03 17:18:21 #4 type] 
Type domain.Owner is not enhanced.

[2017-04-03 17:18:21 #5 type] 
Type domain.Client is not enhanced.

------------------------------------------------------------------------------------------------------------------------

[2017-04-03 17:18:42 #1 store] 
Database 'C:\Users\ivan7\git\RepositoryRH\resources\ruralHouses.odb' has been recovered (tr. 57-57)

[2017-04-03 17:18:42 #2 store] 
Database 'C:\Users\ivan7\git\RepositoryRH\resources\ruralHouses.odb' is opened by 8504@ivan7-PC

[2017-04-03 17:18:42 #3 type] 
Type domain.RuralHouse is not enhanced.

[2017-04-03 17:18:42 #4 type] 
Type domain.Offer is not enhanced.

[2017-04-03 17:18:42 #5 type] 
Type domain.Owner is not enhanced.

[2017-04-03 17:18:42 #6 type] 
Type domain.Client is not enhanced.

------------------------------------------------------------------------------------------------------------------------

[2017-04-03 17:22:19 #1 store] 
Database 'C:\Users\ivan7\git\RepositoryRH\resources\ruralHouses.odb' is opened by 7976@ivan7-PC

[2017-04-03 17:22:19 #2 type] 
Type domain.RuralHouse is not enhanced.

[2017-04-03 17:22:19 #3 type] 
Type domain.Offer is not enhanced.

[2017-04-03 17:22:19 #4 type] 
Type domain.Owner is not enhanced.

[2017-04-03 17:22:19 #5 type] 
Type domain.Client is not enhanced.

------------------------------------------------------------------------------------------------------------------------

[2017-04-03 17:23:22 #1 store] 
Database 'C:\Users\ivan7\git\RepositoryRH\resources\ruralHouses.odb' is opened by 8264@ivan7-PC

[2017-04-03 17:23:22 #2 type] 
Type domain.RuralHouse is not enhanced.

[2017-04-03 17:23:22 #3 type] 
Type domain.Offer is not enhanced.

[2017-04-03 17:23:22 #4 type] 
Type domain.Owner is not enhanced.

[2017-04-03 17:23:22 #5 type] 
Type domain.Client is not enhanced.

------------------------------------------------------------------------------------------------------------------------

[2017-04-03 17:24:24 #1 store] 
Database 'C:\Users\ivan7\git\RepositoryRH\resources\ruralHouses.odb' is opened by 8164@ivan7-PC

[2017-04-03 17:24:24 #2 type] 
Type domain.RuralHouse is not enhanced.

[2017-04-03 17:24:24 #3 type] 
Type domain.Offer is not enhanced.

[2017-04-03 17:24:24 #4 type] 
Type domain.Owner is not enhanced.

[2017-04-03 17:24:24 #5 type] 
Type domain.Client is not enhanced.

------------------------------------------------------------------------------------------------------------------------

[2017-04-03 17:24:47 #1 store] 
Database 'C:\Users\ivan7\git\RepositoryRH\resources\ruralHouses.odb' is opened by 8024@ivan7-PC

[2017-04-03 17:24:48 #2 type] 
Type domain.RuralHouse is not enhanced.

[2017-04-03 17:24:48 #3 type] 
Type domain.Offer is not enhanced.

[2017-04-03 17:24:48 #4 type] 
Type domain.Owner is not enhanced.

[2017-04-03 17:24:48 #5 type] 
Type domain.Client is not enhanced.

------------------------------------------------------------------------------------------------------------------------

[2017-04-03 17:26:51 #1 store] 
Database 'C:\Users\ivan7\git\RepositoryRH\resources\ruralHouses.odb' is opened by 2580@ivan7-PC

[2017-04-03 17:26:51 #2 type] 
Type domain.RuralHouse is not enhanced.

[2017-04-03 17:26:51 #3 type] 
Type domain.Offer is not enhanced.

[2017-04-03 17:26:51 #4 type] 
Type domain.Owner is not enhanced.

[2017-04-03 17:26:51 #5 type] 
Type domain.Client is not enhanced.

------------------------------------------------------------------------------------------------------------------------

<<<<<<< HEAD
[2017-04-03 17:37:56 #1 store] 
Database 'C:\Users\xabie\git\RepositoryRH\resources\ruralHouses.odb' has been recovered (tr. 58-58)

[2017-04-03 17:37:56 #2 store] 
Database 'C:\Users\xabie\git\RepositoryRH\resources\ruralHouses.odb' is opened by 9500@MSI

[2017-04-03 17:37:56 #3 type] 
Type domain.RuralHouse is not enhanced.

[2017-04-03 17:37:56 #4 type] 
Type domain.Offer is not enhanced.

[2017-04-03 17:37:56 #5 type] 
Type domain.Owner is not enhanced.

[2017-04-03 17:37:56 #6 type] 
Type domain.Client is not enhanced.

------------------------------------------------------------------------------------------------------------------------

[2017-04-03 17:57:29 #1 store] 
Database 'C:\Users\xabie\git\RepositoryRH\resources\ruralHouses.odb' is opened by 5576@MSI

[2017-04-03 17:57:29 #2 type] 
Type domain.RuralHouse is not enhanced.

[2017-04-03 17:57:29 #3 type] 
Type domain.Offer is not enhanced.

[2017-04-03 17:57:29 #4 type] 
Type domain.Owner is not enhanced.

[2017-04-03 17:57:29 #5 type] 
Type domain.Client is not enhanced.

------------------------------------------------------------------------------------------------------------------------

[2017-04-03 17:59:03 #1 store] 
Database 'C:\Users\xabie\git\RepositoryRH\resources\ruralHouses.odb' is opened by 8060@MSI

[2017-04-03 17:59:03 #2 type] 
Type domain.RuralHouse is not enhanced.

[2017-04-03 17:59:03 #3 type] 
Type domain.Offer is not enhanced.

[2017-04-03 17:59:03 #4 type] 
Type domain.Owner is not enhanced.

[2017-04-03 17:59:03 #5 type] 
Type domain.Client is not enhanced.

------------------------------------------------------------------------------------------------------------------------

[2017-04-03 18:01:11 #1 store] 
Database 'C:\Users\xabie\git\RepositoryRH\resources\ruralHouses.odb' is opened by 6456@MSI

[2017-04-03 18:01:11 #2 type] 
Type domain.RuralHouse is not enhanced.

[2017-04-03 18:01:11 #3 type] 
Type domain.Offer is not enhanced.

[2017-04-03 18:01:11 #4 type] 
Type domain.Owner is not enhanced.

[2017-04-03 18:01:11 #5 type] 
Type domain.Client is not enhanced.

------------------------------------------------------------------------------------------------------------------------

[2017-04-03 18:06:08 #1 store] 
Database 'C:\Users\xabie\git\RepositoryRH\resources\ruralHouses.odb' is opened by 3572@MSI

[2017-04-03 18:06:08 #2 type] 
Type domain.RuralHouse is not enhanced.

[2017-04-03 18:06:08 #3 type] 
Type domain.Offer is not enhanced.

[2017-04-03 18:06:08 #4 type] 
Type domain.Owner is not enhanced.

[2017-04-03 18:06:08 #5 type] 
Type domain.Client is not enhanced.

------------------------------------------------------------------------------------------------------------------------

[2017-04-03 18:06:56 #1 store] 
Database 'C:\Users\xabie\git\RepositoryRH\resources\ruralHouses.odb' is opened by 10600@MSI

[2017-04-03 18:06:56 #2 type] 
Type domain.RuralHouse is not enhanced.

[2017-04-03 18:06:56 #3 type] 
Type domain.Offer is not enhanced.

[2017-04-03 18:06:56 #4 type] 
Type domain.Owner is not enhanced.

[2017-04-03 18:06:56 #5 type] 
Type domain.Client is not enhanced.

------------------------------------------------------------------------------------------------------------------------

[2017-04-03 18:07:28 #1 store] 
Database 'C:\Users\xabie\git\RepositoryRH\resources\ruralHouses.odb' is opened by 10536@MSI

[2017-04-03 18:07:28 #2 type] 
Type domain.RuralHouse is not enhanced.

[2017-04-03 18:07:28 #3 type] 
Type domain.Offer is not enhanced.

[2017-04-03 18:07:28 #4 type] 
Type domain.Owner is not enhanced.

[2017-04-03 18:07:28 #5 type] 
Type domain.Client is not enhanced.

------------------------------------------------------------------------------------------------------------------------

[2017-04-03 18:09:44 #1 store] 
Database 'C:\Users\xabie\git\RepositoryRH\resources\ruralHouses.odb' is opened by 11648@MSI

[2017-04-03 18:09:44 #2 type] 
Type domain.RuralHouse is not enhanced.

[2017-04-03 18:09:44 #3 type] 
Type domain.Offer is not enhanced.

[2017-04-03 18:09:44 #4 type] 
Type domain.Owner is not enhanced.

[2017-04-03 18:09:44 #5 type] 
Type domain.Client is not enhanced.

------------------------------------------------------------------------------------------------------------------------

[2017-04-03 18:10:24 #1 store] 
Database 'C:\Users\xabie\git\RepositoryRH\resources\ruralHouses.odb' is opened by 5980@MSI

[2017-04-03 18:10:24 #2 type] 
Type domain.RuralHouse is not enhanced.

[2017-04-03 18:10:24 #3 type] 
Type domain.Offer is not enhanced.

[2017-04-03 18:10:24 #4 type] 
Type domain.Owner is not enhanced.

[2017-04-03 18:10:24 #5 type] 
Type domain.Client is not enhanced.

------------------------------------------------------------------------------------------------------------------------

[2017-04-03 18:14:32 #1 store] 
Database 'C:\Users\xabie\git\RepositoryRH\resources\ruralHouses.odb' is opened by 12668@MSI

[2017-04-03 18:14:32 #2 type] 
Type domain.RuralHouse is not enhanced.

[2017-04-03 18:14:32 #3 type] 
Type domain.Offer is not enhanced.

[2017-04-03 18:14:32 #4 type] 
Type domain.Owner is not enhanced.

[2017-04-03 18:14:32 #5 type] 
Type domain.Client is not enhanced.

------------------------------------------------------------------------------------------------------------------------

[2017-04-03 18:16:49 #1 store] 
Database 'C:\Users\xabie\git\RepositoryRH\resources\ruralHouses.odb' is opened by 11180@MSI

[2017-04-03 18:16:49 #2 type] 
Type domain.RuralHouse is not enhanced.

[2017-04-03 18:16:49 #3 type] 
Type domain.Offer is not enhanced.

[2017-04-03 18:16:49 #4 type] 
Type domain.Owner is not enhanced.

[2017-04-03 18:16:49 #5 type] 
Type domain.Client is not enhanced.

------------------------------------------------------------------------------------------------------------------------

[2017-04-03 18:18:38 #1 store] 
Database 'C:\Users\xabie\git\RepositoryRH\resources\ruralHouses.odb' is opened by 10704@MSI

[2017-04-03 18:18:38 #2 type] 
Type domain.RuralHouse is not enhanced.

[2017-04-03 18:18:38 #3 type] 
Type domain.Offer is not enhanced.

[2017-04-03 18:18:38 #4 type] 
Type domain.Owner is not enhanced.

[2017-04-03 18:18:38 #5 type] 
Type domain.Client is not enhanced.

------------------------------------------------------------------------------------------------------------------------

[2017-04-03 18:21:36 #1 store] 
Database 'C:\Users\xabie\git\RepositoryRH\resources\ruralHouses.odb' is opened by 11664@MSI

[2017-04-03 18:21:36 #2 type] 
Type domain.RuralHouse is not enhanced.

[2017-04-03 18:21:36 #3 type] 
Type domain.Offer is not enhanced.

[2017-04-03 18:21:36 #4 type] 
Type domain.Owner is not enhanced.

[2017-04-03 18:21:36 #5 type] 
=======
[2017-04-03 17:30:01 #1 store] 
Database 'X:\Users\Alex\git\RepositoryRH\resources\ruralHouses.odb' has been recovered (tr. 58-58)

[2017-04-03 17:30:01 #2 store] 
Database 'X:\Users\Alex\git\RepositoryRH\resources\ruralHouses.odb' is opened by 7184@WINDOWS-7PN3ORU

[2017-04-03 17:30:01 #3 type] 
Type domain.RuralHouse is not enhanced.

[2017-04-03 17:30:01 #4 type] 
Type domain.Offer is not enhanced.

[2017-04-03 17:30:01 #5 type] 
Type domain.Owner is not enhanced.

[2017-04-03 17:30:01 #6 type] 
Type domain.Client is not enhanced.

------------------------------------------------------------------------------------------------------------------------

[2017-04-03 17:34:28 #1 store] 
Database 'X:\Users\Alex\git\RepositoryRH\resources\ruralHouses.odb' has been recovered (tr. 59-59)

[2017-04-03 17:34:28 #2 store] 
Database 'X:\Users\Alex\git\RepositoryRH\resources\ruralHouses.odb' is opened by 15008@WINDOWS-7PN3ORU

[2017-04-03 17:34:28 #3 type] 
Type domain.RuralHouse is not enhanced.

[2017-04-03 17:34:28 #4 type] 
Type domain.Offer is not enhanced.

[2017-04-03 17:34:28 #5 type] 
Type domain.Owner is not enhanced.

[2017-04-03 17:34:28 #6 type] 
Type domain.Client is not enhanced.

------------------------------------------------------------------------------------------------------------------------

[2017-04-03 17:35:49 #1 store] 
Database 'X:\Users\Alex\git\RepositoryRH\resources\ruralHouses.odb' is opened by 5600@WINDOWS-7PN3ORU

[2017-04-03 17:35:49 #2 type] 
Type domain.RuralHouse is not enhanced.

[2017-04-03 17:35:49 #3 type] 
Type domain.Offer is not enhanced.

[2017-04-03 17:35:49 #4 type] 
Type domain.Owner is not enhanced.

[2017-04-03 17:35:49 #5 type] 
Type domain.Client is not enhanced.

------------------------------------------------------------------------------------------------------------------------

[2017-04-03 17:49:05 #1 store] 
Database 'X:\Users\Alex\git\RepositoryRH\resources\ruralHouses.odb' is opened by 4036@WINDOWS-7PN3ORU

[2017-04-03 17:49:05 #2 type] 
Type domain.RuralHouse is not enhanced.

[2017-04-03 17:49:05 #3 type] 
Type domain.Offer is not enhanced.

[2017-04-03 17:49:05 #4 type] 
Type domain.Owner is not enhanced.

[2017-04-03 17:49:05 #5 type] 
Type domain.Client is not enhanced.

------------------------------------------------------------------------------------------------------------------------

[2017-04-03 17:54:27 #1 store] 
Database 'X:\Users\Alex\git\RepositoryRH\resources\ruralHouses.odb' has been recovered (tr. 60-60)

[2017-04-03 17:54:27 #2 store] 
Database 'X:\Users\Alex\git\RepositoryRH\resources\ruralHouses.odb' is opened by 13956@WINDOWS-7PN3ORU

[2017-04-03 17:54:27 #3 type] 
Type domain.RuralHouse is not enhanced.

[2017-04-03 17:54:27 #4 type] 
Type domain.Offer is not enhanced.

[2017-04-03 17:54:27 #5 type] 
Type domain.Owner is not enhanced.

[2017-04-03 17:54:27 #6 type] 
Type domain.Client is not enhanced.

------------------------------------------------------------------------------------------------------------------------

[2017-04-03 17:56:21 #1 store] 
Database 'X:\Users\Alex\git\RepositoryRH\resources\ruralHouses.odb' is opened by 11676@WINDOWS-7PN3ORU

[2017-04-03 17:56:21 #2 type] 
Type domain.RuralHouse is not enhanced.

[2017-04-03 17:56:21 #3 type] 
Type domain.Offer is not enhanced.

[2017-04-03 17:56:21 #4 type] 
Type domain.Owner is not enhanced.

[2017-04-03 17:56:21 #5 type] 
Type domain.Client is not enhanced.

------------------------------------------------------------------------------------------------------------------------

[2017-04-03 18:04:04 #1 store] 
Database 'X:\Users\Alex\git\RepositoryRH\resources\ruralHouses.odb' is opened by 5928@WINDOWS-7PN3ORU

[2017-04-03 18:04:04 #2 type] 
Type domain.RuralHouse is not enhanced.

[2017-04-03 18:04:04 #3 type] 
Type domain.Offer is not enhanced.

[2017-04-03 18:04:04 #4 type] 
Type domain.Owner is not enhanced.

[2017-04-03 18:04:04 #5 type] 
Type domain.Client is not enhanced.

------------------------------------------------------------------------------------------------------------------------

[2017-04-03 18:08:24 #1 store] 
Database 'X:\Users\Alex\git\RepositoryRH\resources\ruralHouses.odb' is opened by 6312@WINDOWS-7PN3ORU

[2017-04-03 18:08:24 #2 type] 
Type domain.RuralHouse is not enhanced.

[2017-04-03 18:08:24 #3 type] 
Type domain.Offer is not enhanced.

[2017-04-03 18:08:24 #4 type] 
Type domain.Owner is not enhanced.

[2017-04-03 18:08:24 #5 type] 
Type domain.Client is not enhanced.

------------------------------------------------------------------------------------------------------------------------

[2017-04-03 18:08:31 #1 store] 
Database 'X:\Users\Alex\git\RepositoryRH\resources\ruralHouses.odb' is opened by 12168@WINDOWS-7PN3ORU

[2017-04-03 18:08:31 #2 type] 
Type domain.RuralHouse is not enhanced.

[2017-04-03 18:08:31 #3 type] 
Type domain.Offer is not enhanced.

[2017-04-03 18:08:31 #4 type] 
Type domain.Owner is not enhanced.

[2017-04-03 18:08:31 #5 type] 
Type domain.Client is not enhanced.

------------------------------------------------------------------------------------------------------------------------

[2017-04-03 18:08:36 #1 store] 
Database 'X:\Users\Alex\git\RepositoryRH\resources\ruralHouses.odb' is opened by 8320@WINDOWS-7PN3ORU

[2017-04-03 18:08:36 #2 type] 
Type domain.RuralHouse is not enhanced.

[2017-04-03 18:08:36 #3 type] 
Type domain.Offer is not enhanced.

[2017-04-03 18:08:36 #4 type] 
Type domain.Owner is not enhanced.

[2017-04-03 18:08:36 #5 type] 
Type domain.Client is not enhanced.

------------------------------------------------------------------------------------------------------------------------

[2017-04-03 18:09:17 #1 store] 
Database 'X:\Users\Alex\git\RepositoryRH\resources\ruralHouses.odb' is opened by 6056@WINDOWS-7PN3ORU

[2017-04-03 18:09:17 #2 type] 
Type domain.RuralHouse is not enhanced.

[2017-04-03 18:09:17 #3 type] 
Type domain.Offer is not enhanced.

[2017-04-03 18:09:17 #4 type] 
Type domain.Owner is not enhanced.

[2017-04-03 18:09:17 #5 type] 
Type domain.Client is not enhanced.

------------------------------------------------------------------------------------------------------------------------

[2017-04-03 18:14:32 #1 store] 
Database 'X:\Users\Alex\git\RepositoryRH\resources\ruralHouses.odb' is opened by 2188@WINDOWS-7PN3ORU

[2017-04-03 18:14:32 #2 type] 
Type domain.RuralHouse is not enhanced.

[2017-04-03 18:14:32 #3 type] 
Type domain.Offer is not enhanced.

[2017-04-03 18:14:32 #4 type] 
Type domain.Owner is not enhanced.

[2017-04-03 18:14:32 #5 type] 
Type domain.Client is not enhanced.

------------------------------------------------------------------------------------------------------------------------

[2017-04-03 18:15:33 #1 store] 
Database 'X:\Users\Alex\git\RepositoryRH\resources\ruralHouses.odb' is opened by 11612@WINDOWS-7PN3ORU

[2017-04-03 18:15:33 #2 type] 
Type domain.RuralHouse is not enhanced.

[2017-04-03 18:15:33 #3 type] 
Type domain.Offer is not enhanced.

[2017-04-03 18:15:33 #4 type] 
Type domain.Owner is not enhanced.

[2017-04-03 18:15:33 #5 type] 
Type domain.Client is not enhanced.

------------------------------------------------------------------------------------------------------------------------

[2017-04-03 18:16:07 #1 store] 
Database 'X:\Users\Alex\git\RepositoryRH\resources\ruralHouses.odb' is opened by 6472@WINDOWS-7PN3ORU

[2017-04-03 18:16:07 #2 type] 
Type domain.RuralHouse is not enhanced.

[2017-04-03 18:16:07 #3 type] 
Type domain.Offer is not enhanced.

[2017-04-03 18:16:07 #4 type] 
Type domain.Owner is not enhanced.

[2017-04-03 18:16:07 #5 type] 
>>>>>>> branch 'master' of https://xp-dev.com/git/RepositoryRH
Type domain.Client is not enhanced.

------------------------------------------------------------------------------------------------------------------------

[2017-04-03 18:37:46 #1 store] 
Database 'X:\Users\Alex\git\RepositoryRH\resources\ruralHouses.odb' is opened by 6024@WINDOWS-7PN3ORU

[2017-04-03 18:37:53 #2 type.registry] 
New type domain.Owner

[2017-04-03 18:37:53 #3 type] 
Type domain.Owner is not enhanced.

[2017-04-03 18:37:53 #4 type.registry] 
New type domain.RuralHouse

[2017-04-03 18:37:53 #5 type.registry] 
New type java.util.Vector<domain.RuralHouse>

[2017-04-03 18:37:53 #6 type] 
Type domain.RuralHouse is not enhanced.

[2017-04-03 18:37:53 #7 type.registry] 
New type domain.Offer

[2017-04-03 18:37:53 #8 type.registry] 
New type java.util.Vector<domain.Offer>

[2017-04-03 18:37:53 #9 type] 
Type domain.Offer is not enhanced.

------------------------------------------------------------------------------------------------------------------------

[2017-04-03 18:47:56 #1 store] 
Database 'X:\Users\Alex\git\RepositoryRH\resources\ruralHouses.odb' has been recovered (tr. 1-3)

[2017-04-03 18:47:56 #2 store] 
Database 'X:\Users\Alex\git\RepositoryRH\resources\ruralHouses.odb' is opened by 8876@WINDOWS-7PN3ORU

[2017-04-03 18:47:56 #3 type] 
Type domain.Owner is not enhanced.

[2017-04-03 18:47:56 #4 type] 
Type domain.RuralHouse is not enhanced.

[2017-04-03 18:47:56 #5 type] 
Type domain.Offer is not enhanced.

------------------------------------------------------------------------------------------------------------------------

[2017-04-03 19:27:38 #1 store] 
Database 'C:\Users\ivan7\git\RepositoryRH\resources\ruralHouses.odb' is opened by 8920@ivan7-PC

[2017-04-03 19:27:38 #2 type] 
Type domain.Owner is not enhanced.

[2017-04-03 19:27:38 #3 type] 
Type domain.RuralHouse is not enhanced.

[2017-04-03 19:27:38 #4 type] 
Type domain.Offer is not enhanced.

------------------------------------------------------------------------------------------------------------------------

[2017-04-03 19:29:27 #1 store] 
Database 'C:\Users\ivan7\git\RepositoryRH\resources\ruralHouses.odb' is opened by 2264@ivan7-PC

[2017-04-03 19:29:28 #2 type] 
Type domain.Owner is not enhanced.

[2017-04-03 19:29:28 #3 type] 
Type domain.RuralHouse is not enhanced.

[2017-04-03 19:29:28 #4 type] 
Type domain.Offer is not enhanced.

[2017-04-03 19:29:46 #5 type.registry] 
New type java.util.Vector<java.lang.Object>

[2017-04-03 19:29:54 #6 type.registry] 
New type domain.Client

[2017-04-03 19:29:54 #7 type] 
Type domain.Client is not enhanced.

------------------------------------------------------------------------------------------------------------------------

[2017-04-03 19:32:02 #1 store] 
Database 'C:\Users\ivan7\git\RepositoryRH\resources\ruralHouses.odb' has been recovered (tr. 5-11)

[2017-04-03 19:32:02 #2 store] 
Database 'C:\Users\ivan7\git\RepositoryRH\resources\ruralHouses.odb' is opened by 8456@ivan7-PC

[2017-04-03 19:32:02 #3 type] 
Type domain.Owner is not enhanced.

[2017-04-03 19:32:02 #4 type] 
Type domain.RuralHouse is not enhanced.

[2017-04-03 19:32:02 #5 type] 
Type domain.Offer is not enhanced.

[2017-04-03 19:32:02 #6 type] 
Type domain.Client is not enhanced.

------------------------------------------------------------------------------------------------------------------------

[2017-04-03 19:42:38 #1 store] 
Database 'X:\Users\Alex\git\RepositoryRH\resources\ruralHouses.odb' has been recovered (tr. 12-13)

[2017-04-03 19:42:38 #2 store] 
Database 'X:\Users\Alex\git\RepositoryRH\resources\ruralHouses.odb' is opened by 14928@WINDOWS-7PN3ORU

[2017-04-03 19:42:38 #3 type] 
Type domain.Owner is not enhanced.

[2017-04-03 19:42:38 #4 type] 
Type domain.RuralHouse is not enhanced.

[2017-04-03 19:42:38 #5 type] 
Type domain.Offer is not enhanced.

[2017-04-03 19:42:38 #6 type] 
Type domain.Client is not enhanced.

------------------------------------------------------------------------------------------------------------------------

[2017-04-03 19:44:28 #1 store] 
Database 'X:\Users\Alex\git\RepositoryRH\resources\ruralHouses.odb' is opened by 8424@WINDOWS-7PN3ORU

[2017-04-03 19:44:28 #2 type] 
Type domain.Owner is not enhanced.

[2017-04-03 19:44:28 #3 type] 
Type domain.RuralHouse is not enhanced.

[2017-04-03 19:44:28 #4 type] 
Type domain.Offer is not enhanced.

[2017-04-03 19:44:28 #5 type] 
Type domain.Client is not enhanced.

------------------------------------------------------------------------------------------------------------------------

[2017-04-03 19:48:04 #1 store] 
Database 'C:\Users\ivan7\git\RepositoryRH\resources\ruralHouses.odb' is opened by 9304@ivan7-PC

[2017-04-03 19:48:04 #2 type] 
Type domain.Owner is not enhanced.

[2017-04-03 19:48:04 #3 type] 
Type domain.RuralHouse is not enhanced.

[2017-04-03 19:48:04 #4 type] 
Type domain.Offer is not enhanced.

[2017-04-03 19:48:04 #5 type] 
Type domain.Client is not enhanced.

------------------------------------------------------------------------------------------------------------------------

[2017-04-03 19:58:33 #1 store] 
Database 'C:\Users\ivan7\git\RepositoryRH\resources\ruralHouses.odb' is opened by 2956@ivan7-PC

[2017-04-03 19:58:33 #2 type] 
Type domain.Owner is not enhanced.

[2017-04-03 19:58:33 #3 type] 
Type domain.RuralHouse is not enhanced.

[2017-04-03 19:58:33 #4 type] 
Type domain.Offer is not enhanced.

[2017-04-03 19:58:33 #5 type] 
Type domain.Client is not enhanced.

------------------------------------------------------------------------------------------------------------------------

[2017-04-03 20:01:35 #1 store] 
Database 'C:\Users\ivan7\git\RepositoryRH\resources\ruralHouses.odb' is opened by 6740@ivan7-PC

[2017-04-03 20:01:35 #2 type] 
Type domain.Owner is not enhanced.

[2017-04-03 20:01:35 #3 type] 
Type domain.RuralHouse is not enhanced.

[2017-04-03 20:01:35 #4 type] 
Type domain.Offer is not enhanced.

[2017-04-03 20:01:35 #5 type] 
Type domain.Client is not enhanced.

------------------------------------------------------------------------------------------------------------------------

[2017-04-03 20:05:39 #1 store] 
Database 'C:\Users\ivan7\git\RepositoryRH\resources\ruralHouses.odb' is opened by 1840@ivan7-PC

[2017-04-03 20:05:39 #2 type] 
Type domain.Owner is not enhanced.

[2017-04-03 20:05:39 #3 type] 
Type domain.RuralHouse is not enhanced.

[2017-04-03 20:05:39 #4 type] 
Type domain.Offer is not enhanced.

[2017-04-03 20:05:39 #5 type] 
Type domain.Client is not enhanced.

------------------------------------------------------------------------------------------------------------------------

[2017-04-03 20:10:45 #1 store] 
Database 'C:\Users\ivan7\git\RepositoryRH\resources\ruralHouses.odb' is opened by 7920@ivan7-PC

[2017-04-03 20:10:45 #2 type] 
Type domain.Owner is not enhanced.

[2017-04-03 20:10:45 #3 type] 
Type domain.RuralHouse is not enhanced.

[2017-04-03 20:10:45 #4 type] 
Type domain.Offer is not enhanced.

[2017-04-03 20:10:45 #5 type] 
Type domain.Client is not enhanced.

------------------------------------------------------------------------------------------------------------------------

[2017-04-03 20:11:57 #1 store] 
Database 'C:\Users\ivan7\git\RepositoryRH\resources\ruralHouses.odb' is opened by 9912@ivan7-PC

[2017-04-03 20:11:57 #2 type] 
Type domain.Owner is not enhanced.

[2017-04-03 20:11:57 #3 type] 
Type domain.RuralHouse is not enhanced.

[2017-04-03 20:11:57 #4 type] 
Type domain.Offer is not enhanced.

[2017-04-03 20:11:57 #5 type] 
Type domain.Client is not enhanced.

------------------------------------------------------------------------------------------------------------------------

[2017-04-03 20:12:16 #1 store] 
Database 'C:\Users\ivan7\git\RepositoryRH\resources\ruralHouses.odb' has been recovered (tr. 14-14)

[2017-04-03 20:12:16 #2 store] 
Database 'C:\Users\ivan7\git\RepositoryRH\resources\ruralHouses.odb' is opened by 8412@ivan7-PC

[2017-04-03 20:12:16 #3 type] 
Type domain.Owner is not enhanced.

[2017-04-03 20:12:16 #4 type] 
Type domain.RuralHouse is not enhanced.

[2017-04-03 20:12:16 #5 type] 
Type domain.Offer is not enhanced.

[2017-04-03 20:12:16 #6 type] 
Type domain.Client is not enhanced.

------------------------------------------------------------------------------------------------------------------------

[2017-04-03 20:12:22 #1 store] 
Database 'C:\Users\ivan7\git\RepositoryRH\resources\ruralHouses.odb' is opened by 7272@ivan7-PC

[2017-04-03 20:12:22 #2 type] 
Type domain.Owner is not enhanced.

[2017-04-03 20:12:22 #3 type] 
Type domain.RuralHouse is not enhanced.

[2017-04-03 20:12:23 #4 type] 
Type domain.Offer is not enhanced.

[2017-04-03 20:12:23 #5 type] 
Type domain.Client is not enhanced.

------------------------------------------------------------------------------------------------------------------------

[2017-04-03 20:16:53 #1 store] 
Database 'C:\Users\ivan7\git\RepositoryRH\resources\ruralHouses.odb' is opened by 9640@ivan7-PC

[2017-04-03 20:16:53 #2 type] 
Type domain.Owner is not enhanced.

[2017-04-03 20:16:53 #3 type] 
Type domain.RuralHouse is not enhanced.

[2017-04-03 20:16:53 #4 type] 
Type domain.Offer is not enhanced.

[2017-04-03 20:16:53 #5 type] 
Type domain.Client is not enhanced.

------------------------------------------------------------------------------------------------------------------------

[2017-04-03 20:42:46 #1 store] 
Database 'X:\Users\Alex\git\RepositoryRH\resources\ruralHouses.odb' has been recovered (tr. 15-15)

[2017-04-03 20:42:46 #2 store] 
Database 'X:\Users\Alex\git\RepositoryRH\resources\ruralHouses.odb' is opened by 11844@WINDOWS-7PN3ORU

[2017-04-03 20:42:46 #3 type] 
Type domain.Owner is not enhanced.

[2017-04-03 20:42:46 #4 type] 
Type domain.RuralHouse is not enhanced.

[2017-04-03 20:42:46 #5 type] 
Type domain.Offer is not enhanced.

[2017-04-03 20:42:46 #6 type] 
Type domain.Client is not enhanced.

------------------------------------------------------------------------------------------------------------------------

[2017-04-03 20:44:35 #1 store] 
Database 'X:\Users\Alex\git\RepositoryRH\resources\ruralHouses.odb' has been recovered (tr. 16-16)

[2017-04-03 20:44:35 #2 store] 
Database 'X:\Users\Alex\git\RepositoryRH\resources\ruralHouses.odb' is opened by 15328@WINDOWS-7PN3ORU

[2017-04-03 20:44:35 #3 type] 
Type domain.Owner is not enhanced.

[2017-04-03 20:44:36 #4 type] 
Type domain.RuralHouse is not enhanced.

[2017-04-03 20:44:36 #5 type] 
Type domain.Offer is not enhanced.

[2017-04-03 20:44:36 #6 type] 
Type domain.Client is not enhanced.

------------------------------------------------------------------------------------------------------------------------

[2017-04-03 20:44:46 #1 store] 
Database 'X:\Users\Alex\git\RepositoryRH\resources\ruralHouses.odb' is opened by 6176@WINDOWS-7PN3ORU

[2017-04-03 20:44:46 #2 type] 
Type domain.Owner is not enhanced.

[2017-04-03 20:44:46 #3 type] 
Type domain.RuralHouse is not enhanced.

[2017-04-03 20:44:46 #4 type] 
Type domain.Offer is not enhanced.

[2017-04-03 20:44:46 #5 type] 
Type domain.Client is not enhanced.

------------------------------------------------------------------------------------------------------------------------

[2017-04-03 20:47:07 #1 store] 
Database 'X:\Users\Alex\git\RepositoryRH\resources\ruralHouses.odb' is opened by 12484@WINDOWS-7PN3ORU

[2017-04-03 20:47:13 #2 type.registry] 
New type domain.Owner

[2017-04-03 20:47:13 #3 type] 
Type domain.Owner is not enhanced.

[2017-04-03 20:47:13 #4 type.registry] 
New type domain.RuralHouse

[2017-04-03 20:47:13 #5 type.registry] 
New type java.util.Vector<domain.RuralHouse>

[2017-04-03 20:47:13 #6 type] 
Type domain.RuralHouse is not enhanced.

[2017-04-03 20:47:13 #7 type.registry] 
New type domain.Offer

[2017-04-03 20:47:13 #8 type.registry] 
New type java.util.Vector<domain.Offer>

[2017-04-03 20:47:13 #9 type] 
Type domain.Offer is not enhanced.

[2017-04-03 20:47:13 #10 type.registry] 
New type java.util.Vector<java.lang.Object>

[2017-04-03 20:47:17 #11 type.registry] 
New type domain.Client

[2017-04-03 20:47:17 #12 type] 
Type domain.Client is not enhanced.

------------------------------------------------------------------------------------------------------------------------

[2017-04-03 20:48:46 #1 store] 
Database 'X:\Users\Alex\git\RepositoryRH\resources\ruralHouses.odb' has been recovered (tr. 1-11)

[2017-04-03 20:48:46 #2 store] 
Database 'X:\Users\Alex\git\RepositoryRH\resources\ruralHouses.odb' is opened by 896@WINDOWS-7PN3ORU

[2017-04-03 20:48:46 #3 type] 
Type domain.Owner is not enhanced.

[2017-04-03 20:48:46 #4 type] 
Type domain.RuralHouse is not enhanced.

[2017-04-03 20:48:46 #5 type] 
Type domain.Offer is not enhanced.

[2017-04-03 20:48:46 #6 type] 
Type domain.Client is not enhanced.

------------------------------------------------------------------------------------------------------------------------

[2017-04-03 20:49:06 #1 store] 
Database 'X:\Users\Alex\git\RepositoryRH\resources\ruralHouses.odb' has been recovered (tr. 12-12)

[2017-04-03 20:49:06 #2 store] 
Database 'X:\Users\Alex\git\RepositoryRH\resources\ruralHouses.odb' is opened by 10456@WINDOWS-7PN3ORU

[2017-04-03 20:49:06 #3 type] 
Type domain.Owner is not enhanced.

[2017-04-03 20:49:06 #4 type] 
Type domain.RuralHouse is not enhanced.

[2017-04-03 20:49:06 #5 type] 
Type domain.Offer is not enhanced.

[2017-04-03 20:49:06 #6 type] 
Type domain.Client is not enhanced.

------------------------------------------------------------------------------------------------------------------------

[2017-04-03 20:54:42 #1 store] 
Database 'X:\Users\Alex\git\RepositoryRH\resources\ruralHouses.odb' is opened by 2544@WINDOWS-7PN3ORU

[2017-04-03 20:54:42 #2 type] 
Type domain.Owner is not enhanced.

[2017-04-03 20:54:42 #3 type] 
Type domain.RuralHouse is not enhanced.

[2017-04-03 20:54:42 #4 type] 
Type domain.Offer is not enhanced.

[2017-04-03 20:54:42 #5 type] 
Type domain.Client is not enhanced.

------------------------------------------------------------------------------------------------------------------------

[2017-04-03 20:55:40 #1 store] 
Database 'X:\Users\Alex\git\RepositoryRH\resources\ruralHouses.odb' has been recovered (tr. 13-14)

[2017-04-03 20:55:40 #2 store] 
Database 'X:\Users\Alex\git\RepositoryRH\resources\ruralHouses.odb' is opened by 9168@WINDOWS-7PN3ORU

[2017-04-03 20:55:40 #3 type] 
Type domain.Owner is not enhanced.

[2017-04-03 20:55:40 #4 type] 
Type domain.RuralHouse is not enhanced.

[2017-04-03 20:55:40 #5 type] 
Type domain.Offer is not enhanced.

[2017-04-03 20:55:40 #6 type] 
Type domain.Client is not enhanced.

------------------------------------------------------------------------------------------------------------------------

[2017-04-03 20:57:29 #1 store] 
Database 'X:\Users\Alex\git\RepositoryRH\resources\ruralHouses.odb' has been recovered (tr. 15-17)

[2017-04-03 20:57:29 #2 store] 
Database 'X:\Users\Alex\git\RepositoryRH\resources\ruralHouses.odb' is opened by 4852@WINDOWS-7PN3ORU

[2017-04-03 20:57:30 #3 type] 
Type domain.Owner is not enhanced.

[2017-04-03 20:57:30 #4 type] 
Type domain.RuralHouse is not enhanced.

[2017-04-03 20:57:30 #5 type] 
Type domain.Offer is not enhanced.

[2017-04-03 20:57:30 #6 type] 
Type domain.Client is not enhanced.

------------------------------------------------------------------------------------------------------------------------

[2017-04-03 20:59:32 #1 store] 
Database 'X:\Users\Alex\git\RepositoryRH\resources\ruralHouses.odb' is opened by 14224@WINDOWS-7PN3ORU

[2017-04-03 20:59:32 #2 type] 
Type domain.Owner is not enhanced.

[2017-04-03 20:59:32 #3 type] 
Type domain.RuralHouse is not enhanced.

[2017-04-03 20:59:32 #4 type] 
Type domain.Offer is not enhanced.

[2017-04-03 20:59:32 #5 type] 
Type domain.Client is not enhanced.

------------------------------------------------------------------------------------------------------------------------

[2017-04-03 21:00:30 #1 store] 
Database 'X:\Users\Alex\git\RepositoryRH\resources\ruralHouses.odb' has been recovered (tr. 18-19)

[2017-04-03 21:00:30 #2 store] 
Database 'X:\Users\Alex\git\RepositoryRH\resources\ruralHouses.odb' is opened by 12040@WINDOWS-7PN3ORU

[2017-04-03 21:00:30 #3 type] 
Type domain.Owner is not enhanced.

[2017-04-03 21:00:30 #4 type] 
Type domain.RuralHouse is not enhanced.

[2017-04-03 21:00:30 #5 type] 
Type domain.Offer is not enhanced.

[2017-04-03 21:00:30 #6 type] 
Type domain.Client is not enhanced.

------------------------------------------------------------------------------------------------------------------------

[2017-04-03 21:04:33 #1 store] 
Database 'X:\Users\Alex\git\RepositoryRH\resources\ruralHouses.odb' is opened by 12112@WINDOWS-7PN3ORU

[2017-04-03 21:04:33 #2 type] 
Type domain.Owner is not enhanced.

[2017-04-03 21:04:33 #3 type] 
Type domain.RuralHouse is not enhanced.

[2017-04-03 21:04:33 #4 type] 
Type domain.Offer is not enhanced.

[2017-04-03 21:04:33 #5 type] 
Type domain.Client is not enhanced.

------------------------------------------------------------------------------------------------------------------------

[2017-04-03 21:07:22 #1 store] 
Database 'X:\Users\Alex\git\RepositoryRH\resources\ruralHouses.odb' has been recovered (tr. 20-20)

[2017-04-03 21:07:22 #2 store] 
Database 'X:\Users\Alex\git\RepositoryRH\resources\ruralHouses.odb' is opened by 5552@WINDOWS-7PN3ORU

[2017-04-03 21:07:22 #3 type] 
Type domain.Owner is not enhanced.

[2017-04-03 21:07:22 #4 type] 
Type domain.RuralHouse is not enhanced.

[2017-04-03 21:07:22 #5 type] 
Type domain.Offer is not enhanced.

[2017-04-03 21:07:22 #6 type] 
Type domain.Client is not enhanced.

------------------------------------------------------------------------------------------------------------------------

[2017-04-03 21:08:33 #1 store] 
Database 'X:\Users\Alex\git\RepositoryRH\resources\ruralHouses.odb' has been recovered (tr. 21-21)

[2017-04-03 21:08:33 #2 store] 
Database 'X:\Users\Alex\git\RepositoryRH\resources\ruralHouses.odb' is opened by 3812@WINDOWS-7PN3ORU

[2017-04-03 21:08:33 #3 type] 
Type domain.Owner is not enhanced.

[2017-04-03 21:08:33 #4 type] 
Type domain.RuralHouse is not enhanced.

[2017-04-03 21:08:33 #5 type] 
Type domain.Offer is not enhanced.

[2017-04-03 21:08:33 #6 type] 
Type domain.Client is not enhanced.

------------------------------------------------------------------------------------------------------------------------

[2017-04-03 21:08:41 #1 store] 
Database 'X:\Users\Alex\git\RepositoryRH\resources\ruralHouses.odb' is opened by 8140@WINDOWS-7PN3ORU

[2017-04-03 21:08:41 #2 type] 
Type domain.Owner is not enhanced.

[2017-04-03 21:08:41 #3 type] 
Type domain.RuralHouse is not enhanced.

[2017-04-03 21:08:41 #4 type] 
Type domain.Offer is not enhanced.

[2017-04-03 21:08:41 #5 type] 
Type domain.Client is not enhanced.

------------------------------------------------------------------------------------------------------------------------

[2017-04-03 21:14:53 #1 store] 
Database 'X:\Users\Alex\git\RepositoryRH\resources\ruralHouses.odb' has been recovered (tr. 22-29)

[2017-04-03 21:14:53 #2 store] 
Database 'X:\Users\Alex\git\RepositoryRH\resources\ruralHouses.odb' is opened by 12908@WINDOWS-7PN3ORU

[2017-04-03 21:14:53 #3 type] 
Type domain.Owner is not enhanced.

[2017-04-03 21:14:53 #4 type] 
Type domain.RuralHouse is not enhanced.

[2017-04-03 21:14:53 #5 type] 
Type domain.Offer is not enhanced.

[2017-04-03 21:14:53 #6 type] 
Type domain.Client is not enhanced.

------------------------------------------------------------------------------------------------------------------------

[2017-04-03 21:36:23 #1 store] 
Database 'C:\Users\ivan7\git\RepositoryRH\resources\ruralHouses.odb' is opened by 5668@ivan7-PC

[2017-04-03 21:36:30 #2 type.registry] 
New type domain.Client

[2017-04-03 21:36:30 #3 type] 
Type domain.Client is not enhanced.

[2017-04-03 21:36:30 #4 type.registry] 
New type domain.Offer

[2017-04-03 21:36:30 #5 type.registry] 
New type java.util.Vector<domain.Offer>

[2017-04-03 21:36:30 #6 type] 
Type domain.Offer is not enhanced.

[2017-04-03 21:36:30 #7 type.registry] 
New type domain.RuralHouse

[2017-04-03 21:36:30 #8 type] 
Type domain.RuralHouse is not enhanced.

[2017-04-03 21:36:43 #9 type.registry] 
New type java.util.Vector<java.lang.Object>

------------------------------------------------------------------------------------------------------------------------

[2017-04-03 22:03:54 #1 store] 
Database 'C:\Users\ivan7\git\RepositoryRH\resources\ruralHouses.odb' is opened by 10116@ivan7-PC

[2017-04-03 22:04:01 #2 type.registry] 
New type domain.Owner

[2017-04-03 22:04:01 #3 type] 
Type domain.Owner is not enhanced.

[2017-04-03 22:04:01 #4 type.registry] 
New type domain.RuralHouse

[2017-04-03 22:04:01 #5 type.registry] 
New type java.util.Vector<domain.RuralHouse>

[2017-04-03 22:04:01 #6 type] 
Type domain.RuralHouse is not enhanced.

[2017-04-03 22:04:01 #7 type.registry] 
New type domain.Offer

[2017-04-03 22:04:01 #8 type.registry] 
New type java.util.Vector<domain.Offer>

[2017-04-03 22:04:01 #9 type] 
Type domain.Offer is not enhanced.

[2017-04-03 22:04:51 #10 type.registry] 
New type java.util.Vector<java.lang.Object>

------------------------------------------------------------------------------------------------------------------------

[2017-04-03 22:05:42 #1 store] 
Database 'C:\Users\ivan7\git\RepositoryRH\resources\ruralHouses.odb' is opened by 9588@ivan7-PC

[2017-04-03 22:06:43 #2 type.registry] 
New type domain.Owner

[2017-04-03 22:06:43 #3 type] 
Type domain.Owner is not enhanced.

[2017-04-03 22:06:43 #4 type.registry] 
New type domain.RuralHouse

[2017-04-03 22:06:43 #5 type.registry] 
New type java.util.Vector<domain.RuralHouse>

[2017-04-03 22:06:43 #6 type] 
Type domain.RuralHouse is not enhanced.

[2017-04-03 22:06:43 #7 type.registry] 
New type domain.Offer

[2017-04-03 22:06:43 #8 type.registry] 
New type java.util.Vector<domain.Offer>

[2017-04-03 22:06:43 #9 type] 
Type domain.Offer is not enhanced.

[2017-04-03 22:06:43 #10 type.registry] 
New type java.util.Vector<java.lang.Object>

[2017-04-03 22:09:45 #11 type.registry] 
New type domain.Client

[2017-04-03 22:09:45 #12 type] 
Type domain.Client is not enhanced.

------------------------------------------------------------------------------------------------------------------------

[2017-04-03 22:14:14 #1 store] 
Database 'C:\Users\ivan7\git\RepositoryRH\resources\ruralHouses.odb' has been recovered (tr. 1-12)

[2017-04-03 22:14:14 #2 store] 
Database 'C:\Users\ivan7\git\RepositoryRH\resources\ruralHouses.odb' is opened by 7920@ivan7-PC

[2017-04-03 22:14:14 #3 type] 
Type domain.Owner is not enhanced.

[2017-04-03 22:14:14 #4 type] 
Type domain.RuralHouse is not enhanced.

[2017-04-03 22:14:14 #5 type] 
Type domain.Offer is not enhanced.

[2017-04-03 22:14:14 #6 type] 
Type domain.Client is not enhanced.

------------------------------------------------------------------------------------------------------------------------

[2017-04-03 22:16:03 #1 store] 
Database 'C:\Users\ivan7\git\RepositoryRH\resources\ruralHouses.odb' is opened by 7088@ivan7-PC

[2017-04-03 22:16:04 #2 type] 
Type domain.Owner is not enhanced.

[2017-04-03 22:16:04 #3 type] 
Type domain.RuralHouse is not enhanced.

[2017-04-03 22:16:04 #4 type] 
Type domain.Offer is not enhanced.

[2017-04-03 22:16:04 #5 type] 
Type domain.Client is not enhanced.

------------------------------------------------------------------------------------------------------------------------

[2017-04-03 22:17:47 #1 store] 
Database 'C:\Users\ivan7\git\RepositoryRH\resources\ruralHouses.odb' is opened by 10048@ivan7-PC

[2017-04-03 22:17:47 #2 type] 
Type domain.Owner is not enhanced.

[2017-04-03 22:17:47 #3 type] 
Type domain.RuralHouse is not enhanced.

[2017-04-03 22:17:47 #4 type] 
Type domain.Offer is not enhanced.

[2017-04-03 22:17:47 #5 type] 
Type domain.Client is not enhanced.

------------------------------------------------------------------------------------------------------------------------

[2017-04-03 22:19:35 #1 store] 
Database 'C:\Users\ivan7\git\RepositoryRH\resources\ruralHouses.odb' is opened by 5908@ivan7-PC

[2017-04-03 22:19:35 #2 type] 
Type domain.Owner is not enhanced.

[2017-04-03 22:19:35 #3 type] 
Type domain.RuralHouse is not enhanced.

[2017-04-03 22:19:35 #4 type] 
Type domain.Offer is not enhanced.

[2017-04-03 22:19:35 #5 type] 
Type domain.Client is not enhanced.

------------------------------------------------------------------------------------------------------------------------

[2017-04-03 22:21:04 #1 store] 
Database 'C:\Users\ivan7\git\RepositoryRH\resources\ruralHouses.odb' is opened by 9788@ivan7-PC

[2017-04-03 22:21:04 #2 type] 
Type domain.Owner is not enhanced.

[2017-04-03 22:21:04 #3 type] 
Type domain.RuralHouse is not enhanced.

[2017-04-03 22:21:04 #4 type] 
Type domain.Offer is not enhanced.

[2017-04-03 22:21:04 #5 type] 
Type domain.Client is not enhanced.

------------------------------------------------------------------------------------------------------------------------

[2017-04-03 22:21:11 #1 store] 
Database 'C:\Users\ivan7\git\RepositoryRH\resources\ruralHouses.odb' is opened by 3388@ivan7-PC

[2017-04-03 22:21:11 #2 type] 
Type domain.Owner is not enhanced.

[2017-04-03 22:21:11 #3 type] 
Type domain.RuralHouse is not enhanced.

[2017-04-03 22:21:11 #4 type] 
Type domain.Offer is not enhanced.

[2017-04-03 22:21:11 #5 type] 
Type domain.Client is not enhanced.

------------------------------------------------------------------------------------------------------------------------

[2017-04-03 22:21:16 #1 store] 
Database 'C:\Users\ivan7\git\RepositoryRH\resources\ruralHouses.odb' is opened by 5944@ivan7-PC

[2017-04-03 22:21:17 #2 type] 
Type domain.Owner is not enhanced.

[2017-04-03 22:21:17 #3 type] 
Type domain.RuralHouse is not enhanced.

[2017-04-03 22:21:17 #4 type] 
Type domain.Offer is not enhanced.

[2017-04-03 22:21:17 #5 type] 
Type domain.Client is not enhanced.

