------------------------------------------------------------------------------------------------------------------------

[2017-03-24 11:43:07 #1 store] 
Database 'C:\Users\ehu\git\resources\ruralHouses.odb' is opened by 4452@U030075

[2017-03-24 11:43:07 #2 type] 
Type domain.RuralHouse is not enhanced.

[2017-03-24 11:43:07 #3 type] 
Type domain.Offer is not enhanced.

[2017-03-24 11:43:07 #4 type.registry] 
New type domain.User

[2017-03-24 11:43:07 #5 type] 
Type domain.Owner is not enhanced.

------------------------------------------------------------------------------------------------------------------------

[2017-03-24 11:51:00 #1 store] 
Database 'C:\Users\ehu\git\resources\ruralHouses.odb' has been recovered (tr. 27-27)

[2017-03-24 11:51:00 #2 store] 
Database 'C:\Users\ehu\git\resources\ruralHouses.odb' is opened by 1372@U030075

[2017-03-24 11:51:00 #3 type] 
Type domain.RuralHouse is not enhanced.

[2017-03-24 11:51:00 #4 type] 
Type domain.Offer is not enhanced.

[2017-03-24 11:51:00 #5 type] 
Type domain.Owner is not enhanced.

------------------------------------------------------------------------------------------------------------------------

[2017-03-24 11:58:15 #1 store] 
Database 'C:\Users\ehu\git\resources\ruralHouses.odb' is opened by 7100@U030075

[2017-03-24 11:58:16 #2 type] 
Type domain.RuralHouse is not enhanced.

[2017-03-24 11:58:16 #3 type] 
Type domain.Offer is not enhanced.

[2017-03-24 11:58:16 #4 type] 
Type domain.Owner is not enhanced.

[2017-03-24 11:58:16 #5 type.registry] 
New type java.util.Vector<domain.RuralHouse>

------------------------------------------------------------------------------------------------------------------------

[2017-03-24 11:58:21 #1 store] 
Database 'C:\Users\ehu\git\resources\ruralHouses.odb' has been recovered (tr. 28-28)

[2017-03-24 11:58:21 #2 store] 
Database 'C:\Users\ehu\git\resources\ruralHouses.odb' is opened by 6360@U030075

[2017-03-24 11:58:21 #3 type] 
Type domain.RuralHouse is not enhanced.

[2017-03-24 11:58:21 #4 type] 
Type domain.Offer is not enhanced.

[2017-03-24 11:58:21 #5 type] 
Type domain.Owner is not enhanced.

------------------------------------------------------------------------------------------------------------------------

[2017-03-24 11:59:20 #1 store] 
Database 'C:\Users\ehu\git\resources\ruralHouses.odb' is opened by 6944@U030075

[2017-03-24 11:59:20 #2 type] 
Type domain.RuralHouse is not enhanced.

[2017-03-24 11:59:20 #3 type] 
Type domain.Offer is not enhanced.

[2017-03-24 11:59:20 #4 type] 
Type domain.Owner is not enhanced.

------------------------------------------------------------------------------------------------------------------------

[2017-03-24 12:03:05 #1 store] 
Database 'C:\Users\ehu\git\resources\ruralHouses.odb' is opened by 6876@U030075

[2017-03-24 12:03:05 #2 type] 
Type domain.RuralHouse is not enhanced.

[2017-03-24 12:03:05 #3 type] 
Type domain.Offer is not enhanced.

[2017-03-24 12:03:05 #4 type] 
Type domain.Owner is not enhanced.

------------------------------------------------------------------------------------------------------------------------

[2017-03-24 12:03:09 #1 store] 
Database 'C:\Users\ehu\git\resources\ruralHouses.odb' is opened by 6000@U030075

[2017-03-24 12:03:09 #2 type] 
Type domain.RuralHouse is not enhanced.

[2017-03-24 12:03:09 #3 type] 
Type domain.Offer is not enhanced.

[2017-03-24 12:03:09 #4 type] 
Type domain.Owner is not enhanced.

------------------------------------------------------------------------------------------------------------------------

[2017-03-24 12:03:49 #1 store] 
Database 'C:\Users\ehu\git\resources\ruralHouses.odb' is opened by 6272@U030075

[2017-03-24 12:03:49 #2 type] 
Type domain.RuralHouse is not enhanced.

[2017-03-24 12:03:49 #3 type] 
Type domain.Offer is not enhanced.

[2017-03-24 12:03:49 #4 type] 
Type domain.Owner is not enhanced.

------------------------------------------------------------------------------------------------------------------------

[2017-03-24 12:15:47 #1 store] 
Database 'C:\Users\ehu\git\resources\ruralHouses.odb' is opened by 5200@U030075

[2017-03-24 12:15:47 #2 type] 
Type domain.RuralHouse is not enhanced.

[2017-03-24 12:15:47 #3 type] 
Type domain.Offer is not enhanced.

[2017-03-24 12:15:47 #4 type] 
Type domain.Owner is not enhanced.

