------------------------------------------------------------------------------------------------------------------------

[2017-10-21 11:44:01 #1 store] 
Database 'C:\Users\ROBERTO\Desktop\Alex\RH\resources\ruralHouses.odb' has been recovered (tr. 12-21)

[2017-10-21 11:44:01 #2 store] 
Database 'C:\Users\ROBERTO\Desktop\Alex\RH\resources\ruralHouses.odb' is opened by 10248@ROBER3000

[2017-10-21 11:44:01 #3 type] 
Type domain.Owner is not enhanced.

[2017-10-21 11:44:01 #4 type] 
Type domain.RuralHouse is not enhanced.

[2017-10-21 11:44:01 #5 type] 
Type domain.Offer is not enhanced.

[2017-10-21 11:44:01 #6 type] 
Type domain.Client is not enhanced.

[2017-10-21 11:44:01 #7 type] 
Type domain.Admin is not enhanced.

[2017-10-21 11:44:01 #8 type] 
Type domain.Report is not enhanced.

[2017-10-21 11:44:01 #9 type] 
Type domain.ClientReport is not enhanced.

[2017-10-21 11:44:01 #10 type] 
Type domain.HouseReport is not enhanced.

[2017-10-21 11:44:01 #11 type] 
Type domain.OwnerReport is not enhanced.

------------------------------------------------------------------------------------------------------------------------

[2017-10-21 11:44:30 #1 store] 
Database 'C:\Users\ROBERTO\Desktop\Alex\RH\resources\ruralHouses.odb' is opened by 12252@ROBER3000

[2017-10-21 11:44:30 #2 type] 
Type domain.Owner is not enhanced.

[2017-10-21 11:44:30 #3 type] 
Type domain.RuralHouse is not enhanced.

[2017-10-21 11:44:30 #4 type] 
Type domain.Offer is not enhanced.

[2017-10-21 11:44:30 #5 type] 
Type domain.Client is not enhanced.

[2017-10-21 11:44:30 #6 type] 
Type domain.Admin is not enhanced.

[2017-10-21 11:44:30 #7 type] 
Type domain.Report is not enhanced.

[2017-10-21 11:44:30 #8 type] 
Type domain.ClientReport is not enhanced.

[2017-10-21 11:44:30 #9 type] 
Type domain.HouseReport is not enhanced.

[2017-10-21 11:44:30 #10 type] 
Type domain.OwnerReport is not enhanced.

------------------------------------------------------------------------------------------------------------------------

[2017-10-21 11:44:56 #1 store] 
Database 'C:\Users\ROBERTO\Desktop\Alex\RH\resources\ruralHouses.odb' is opened by 9708@ROBER3000

[2017-10-21 11:44:56 #2 type] 
Type domain.Owner is not enhanced.

[2017-10-21 11:44:56 #3 type] 
Type domain.RuralHouse is not enhanced.

[2017-10-21 11:44:56 #4 type] 
Type domain.Offer is not enhanced.

[2017-10-21 11:44:56 #5 type] 
Type domain.Client is not enhanced.

[2017-10-21 11:44:56 #6 type] 
Type domain.Admin is not enhanced.

[2017-10-21 11:44:56 #7 type] 
Type domain.Report is not enhanced.

[2017-10-21 11:44:56 #8 type] 
Type domain.ClientReport is not enhanced.

[2017-10-21 11:44:56 #9 type] 
Type domain.HouseReport is not enhanced.

[2017-10-21 11:44:56 #10 type] 
Type domain.OwnerReport is not enhanced.

------------------------------------------------------------------------------------------------------------------------

[2017-10-21 11:51:03 #1 store] 
Database 'C:\Users\ROBERTO\Desktop\Alex\RH\resources\ruralHouses.odb' has been recovered (tr. 22-22)

[2017-10-21 11:51:04 #2 store] 
Database 'C:\Users\ROBERTO\Desktop\Alex\RH\resources\ruralHouses.odb' is opened by 3892@ROBER3000

[2017-10-21 11:51:04 #3 type] 
Type domain.Owner is not enhanced.

[2017-10-21 11:51:04 #4 type] 
Type domain.RuralHouse is not enhanced.

[2017-10-21 11:51:04 #5 type] 
Type domain.Offer is not enhanced.

[2017-10-21 11:51:04 #6 type] 
Type domain.Client is not enhanced.

[2017-10-21 11:51:04 #7 type] 
Type domain.Admin is not enhanced.

[2017-10-21 11:51:04 #8 type] 
Type domain.Report is not enhanced.

[2017-10-21 11:51:04 #9 type] 
Type domain.ClientReport is not enhanced.

[2017-10-21 11:51:04 #10 type] 
Type domain.HouseReport is not enhanced.

[2017-10-21 11:51:04 #11 type] 
Type domain.OwnerReport is not enhanced.

------------------------------------------------------------------------------------------------------------------------

[2017-10-21 11:52:14 #1 store] 
Database 'C:\Users\ROBERTO\Desktop\Alex\RH\resources\ruralHouses.odb' is opened by 6452@ROBER3000

[2017-10-21 11:52:14 #2 type] 
Type domain.Owner is not enhanced.

[2017-10-21 11:52:14 #3 type] 
Type domain.RuralHouse is not enhanced.

[2017-10-21 11:52:14 #4 type] 
Type domain.Offer is not enhanced.

[2017-10-21 11:52:14 #5 type] 
Type domain.Client is not enhanced.

[2017-10-21 11:52:14 #6 type] 
Type domain.Admin is not enhanced.

[2017-10-21 11:52:14 #7 type] 
Type domain.Report is not enhanced.

[2017-10-21 11:52:14 #8 type] 
Type domain.ClientReport is not enhanced.

[2017-10-21 11:52:14 #9 type] 
Type domain.HouseReport is not enhanced.

[2017-10-21 11:52:14 #10 type] 
Type domain.OwnerReport is not enhanced.

------------------------------------------------------------------------------------------------------------------------

[2017-10-21 11:52:54 #1 store] 
Database 'C:\Users\ROBERTO\Desktop\Alex\RH\resources\ruralHouses.odb' is opened by 8688@ROBER3000

[2017-10-21 11:52:54 #2 type] 
Type domain.Owner is not enhanced.

[2017-10-21 11:52:54 #3 type] 
Type domain.RuralHouse is not enhanced.

[2017-10-21 11:52:54 #4 type] 
Type domain.Offer is not enhanced.

[2017-10-21 11:52:54 #5 type] 
Type domain.Client is not enhanced.

[2017-10-21 11:52:54 #6 type] 
Type domain.Admin is not enhanced.

[2017-10-21 11:52:54 #7 type] 
Type domain.Report is not enhanced.

[2017-10-21 11:52:54 #8 type] 
Type domain.ClientReport is not enhanced.

[2017-10-21 11:52:54 #9 type] 
Type domain.HouseReport is not enhanced.

[2017-10-21 11:52:54 #10 type] 
Type domain.OwnerReport is not enhanced.

------------------------------------------------------------------------------------------------------------------------

[2017-10-21 11:53:10 #1 store] 
Database 'C:\Users\ROBERTO\Desktop\Alex\RH\resources\ruralHouses.odb' is opened by 6784@ROBER3000

[2017-10-21 11:53:10 #2 type] 
Type domain.Owner is not enhanced.

[2017-10-21 11:53:10 #3 type] 
Type domain.RuralHouse is not enhanced.

[2017-10-21 11:53:10 #4 type] 
Type domain.Offer is not enhanced.

[2017-10-21 11:53:10 #5 type] 
Type domain.Client is not enhanced.

[2017-10-21 11:53:10 #6 type] 
Type domain.Admin is not enhanced.

[2017-10-21 11:53:10 #7 type] 
Type domain.Report is not enhanced.

[2017-10-21 11:53:10 #8 type] 
Type domain.ClientReport is not enhanced.

[2017-10-21 11:53:10 #9 type] 
Type domain.HouseReport is not enhanced.

[2017-10-21 11:53:10 #10 type] 
Type domain.OwnerReport is not enhanced.

------------------------------------------------------------------------------------------------------------------------

[2017-10-21 12:16:09 #1 store] 
Database 'C:\Users\ROBERTO\Desktop\Alex\RH\resources\ruralHouses.odb' has been recovered (tr. 23-23)

[2017-10-21 12:16:09 #2 store] 
Database 'C:\Users\ROBERTO\Desktop\Alex\RH\resources\ruralHouses.odb' is opened by 6764@ROBER3000

[2017-10-21 12:16:09 #3 type] 
Type domain.Owner is not enhanced.

[2017-10-21 12:16:09 #4 type] 
Type domain.RuralHouse is not enhanced.

[2017-10-21 12:16:09 #5 type] 
Type domain.Offer is not enhanced.

[2017-10-21 12:16:09 #6 type] 
Type domain.Client is not enhanced.

[2017-10-21 12:16:09 #7 type] 
Type domain.Admin is not enhanced.

[2017-10-21 12:16:09 #8 type] 
Type domain.Report is not enhanced.

[2017-10-21 12:16:09 #9 type] 
Type domain.ClientReport is not enhanced.

[2017-10-21 12:16:09 #10 type] 
Type domain.HouseReport is not enhanced.

[2017-10-21 12:16:09 #11 type] 
Type domain.OwnerReport is not enhanced.

------------------------------------------------------------------------------------------------------------------------

[2017-10-21 12:16:43 #1 store] 
Database 'C:\Users\ROBERTO\Desktop\Alex\RH\resources\ruralHouses.odb' is opened by 7708@ROBER3000

[2017-10-21 12:16:43 #2 type] 
Type domain.Owner is not enhanced.

[2017-10-21 12:16:43 #3 type] 
Type domain.RuralHouse is not enhanced.

[2017-10-21 12:16:43 #4 type] 
Type domain.Offer is not enhanced.

[2017-10-21 12:16:43 #5 type] 
Type domain.Client is not enhanced.

[2017-10-21 12:16:43 #6 type] 
Type domain.Admin is not enhanced.

[2017-10-21 12:16:43 #7 type] 
Type domain.Report is not enhanced.

[2017-10-21 12:16:43 #8 type] 
Type domain.ClientReport is not enhanced.

[2017-10-21 12:16:43 #9 type] 
Type domain.HouseReport is not enhanced.

[2017-10-21 12:16:43 #10 type] 
Type domain.OwnerReport is not enhanced.

------------------------------------------------------------------------------------------------------------------------

[2017-10-21 13:04:35 #1 store] 
Database 'C:\Users\ROBERTO\Desktop\Alex\RH\resources\ruralHouses.odb' has been recovered (tr. 24-28)

[2017-10-21 13:04:35 #2 store] 
Database 'C:\Users\ROBERTO\Desktop\Alex\RH\resources\ruralHouses.odb' is opened by 9136@ROBER3000

[2017-10-21 13:04:35 #3 type] 
Type domain.Owner is not enhanced.

[2017-10-21 13:04:35 #4 type] 
Type domain.RuralHouse is not enhanced.

[2017-10-21 13:04:35 #5 type] 
Type domain.Offer is not enhanced.

[2017-10-21 13:04:35 #6 type] 
Type domain.Client is not enhanced.

[2017-10-21 13:04:35 #7 type] 
Type domain.Admin is not enhanced.

[2017-10-21 13:04:35 #8 type] 
Type domain.Report is not enhanced.

[2017-10-21 13:04:35 #9 type] 
Type domain.ClientReport is not enhanced.

[2017-10-21 13:04:35 #10 type] 
Type domain.HouseReport is not enhanced.

[2017-10-21 13:04:35 #11 type] 
Type domain.OwnerReport is not enhanced.

------------------------------------------------------------------------------------------------------------------------

[2017-10-21 13:07:40 #1 store] 
Database 'C:\Users\ROBERTO\Desktop\Alex\RH\resources\ruralHouses.odb' is opened by 9424@ROBER3000

[2017-10-21 13:07:40 #2 type] 
Type domain.Owner is not enhanced.

[2017-10-21 13:07:40 #3 type] 
Type domain.RuralHouse is not enhanced.

[2017-10-21 13:07:40 #4 type] 
Type domain.Offer is not enhanced.

[2017-10-21 13:07:40 #5 type] 
Type domain.Client is not enhanced.

[2017-10-21 13:07:40 #6 type] 
Type domain.Admin is not enhanced.

[2017-10-21 13:07:40 #7 type] 
Type domain.Report is not enhanced.

[2017-10-21 13:07:40 #8 type] 
Type domain.ClientReport is not enhanced.

[2017-10-21 13:07:40 #9 type] 
Type domain.HouseReport is not enhanced.

[2017-10-21 13:07:40 #10 type] 
Type domain.OwnerReport is not enhanced.

