------------------------------------------------------------------------------------------------------------------------

[2017-05-09 18:21:07 #1 store] 
Database 'C:\Users\xabie\git\RepositoryRH\resources\ruralHouses.odb' is opened by 12328@MSI

[2017-05-09 18:21:07 #2 type.registry] 
New type domain.User

[2017-05-09 18:21:07 #3 type] 
Type domain.User is not enhanced.

[2017-05-09 18:21:07 #4 type] 
Type domain.Owner is not enhanced.

[2017-05-09 18:21:07 #5 type] 
Type domain.RuralHouse is not enhanced.

[2017-05-09 18:21:07 #6 type] 
Type domain.Offer is not enhanced.

[2017-05-09 18:21:07 #7 type] 
Type domain.Client is not enhanced.

[2017-05-09 18:21:07 #8 type] 
Type domain.Booking is not enhanced.

------------------------------------------------------------------------------------------------------------------------

[2017-05-09 18:21:16 #1 store] 
Database 'C:\Users\xabie\git\RepositoryRH\resources\ruralHouses.odb' has been recovered (tr. 32-32)

[2017-05-09 18:21:16 #2 store] 
Database 'C:\Users\xabie\git\RepositoryRH\resources\ruralHouses.odb' is opened by 12324@MSI

[2017-05-09 18:21:16 #3 type] 
Type domain.User is not enhanced.

[2017-05-09 18:21:16 #4 type] 
Type domain.Owner is not enhanced.

[2017-05-09 18:21:16 #5 type] 
Type domain.RuralHouse is not enhanced.

[2017-05-09 18:21:16 #6 type] 
Type domain.Offer is not enhanced.

[2017-05-09 18:21:16 #7 type] 
Type domain.Client is not enhanced.

[2017-05-09 18:21:16 #8 type] 
Type domain.Booking is not enhanced.

------------------------------------------------------------------------------------------------------------------------

[2017-05-09 18:21:41 #1 store] 
Database 'C:\Users\xabie\git\RepositoryRH\resources\ruralHouses.odb' is opened by 3540@MSI

[2017-05-09 18:21:41 #2 type] 
Type domain.User is not enhanced.

[2017-05-09 18:21:41 #3 type] 
Type domain.Owner is not enhanced.

[2017-05-09 18:21:41 #4 type] 
Type domain.RuralHouse is not enhanced.

[2017-05-09 18:21:41 #5 type] 
Type domain.Offer is not enhanced.

[2017-05-09 18:21:41 #6 type] 
Type domain.Client is not enhanced.

[2017-05-09 18:21:41 #7 type] 
Type domain.Booking is not enhanced.

------------------------------------------------------------------------------------------------------------------------

[2017-05-09 18:22:12 #1 store] 
Database 'C:\Users\xabie\git\RepositoryRH\resources\ruralHouses.odb' is opened by 11824@MSI

[2017-05-09 18:22:12 #2 type] 
Type domain.User is not enhanced.

[2017-05-09 18:22:12 #3 type] 
Type domain.Owner is not enhanced.

[2017-05-09 18:22:12 #4 type] 
Type domain.RuralHouse is not enhanced.

[2017-05-09 18:22:12 #5 type] 
Type domain.Offer is not enhanced.

[2017-05-09 18:22:12 #6 type] 
Type domain.Client is not enhanced.

[2017-05-09 18:22:12 #7 type] 
Type domain.Booking is not enhanced.

------------------------------------------------------------------------------------------------------------------------

[2017-05-09 18:23:15 #1 store] 
Database 'C:\Users\xabie\git\RepositoryRH\resources\ruralHouses.odb' is opened by 11964@MSI

[2017-05-09 18:23:15 #2 type] 
Type domain.User is not enhanced.

[2017-05-09 18:23:15 #3 type] 
Type domain.Owner is not enhanced.

[2017-05-09 18:23:15 #4 type] 
Type domain.RuralHouse is not enhanced.

[2017-05-09 18:23:15 #5 type] 
Type domain.Offer is not enhanced.

[2017-05-09 18:23:15 #6 type] 
Type domain.Client is not enhanced.

[2017-05-09 18:23:15 #7 type] 
Type domain.Booking is not enhanced.

------------------------------------------------------------------------------------------------------------------------

[2017-05-09 18:24:22 #1 store] 
Database 'C:\Users\xabie\git\RepositoryRH\resources\ruralHouses.odb' is opened by 11740@MSI

[2017-05-09 18:24:22 #2 type] 
Type domain.User is not enhanced.

[2017-05-09 18:24:22 #3 type] 
Type domain.Owner is not enhanced.

[2017-05-09 18:24:22 #4 type] 
Type domain.RuralHouse is not enhanced.

[2017-05-09 18:24:22 #5 type] 
Type domain.Offer is not enhanced.

[2017-05-09 18:24:22 #6 type] 
Type domain.Client is not enhanced.

[2017-05-09 18:24:22 #7 type] 
Type domain.Booking is not enhanced.

------------------------------------------------------------------------------------------------------------------------

[2017-05-09 19:06:42 #1 store] 
Database 'C:\Users\xabie\git\RepositoryRH\resources\ruralHouses.odb' is opened by 3460@MSI

------------------------------------------------------------------------------------------------------------------------

[2017-05-09 19:07:35 #1 store] 
Database 'C:\Users\xabie\git\RepositoryRH\resources\ruralHouses.odb' has been recovered (tr. 1-2)

[2017-05-09 19:07:35 #2 store] 
Database 'C:\Users\xabie\git\RepositoryRH\resources\ruralHouses.odb' is opened by 1428@MSI

------------------------------------------------------------------------------------------------------------------------

[2017-05-09 19:07:54 #1 store] 
Database 'C:\Users\xabie\git\RepositoryRH\resources\ruralHouses.odb' is opened by 2008@MSI

------------------------------------------------------------------------------------------------------------------------

[2017-05-09 19:08:31 #1 store] 
Database 'C:\Users\xabie\git\RepositoryRH\resources\ruralHouses.odb' is opened by 11888@MSI

------------------------------------------------------------------------------------------------------------------------

[2017-05-09 19:09:47 #1 store] 
Database 'C:\Users\xabie\git\RepositoryRH\resources\ruralHouses.odb' is opened by 4484@MSI

------------------------------------------------------------------------------------------------------------------------

[2017-05-09 19:33:02 #1 store] 
Database 'C:\Users\xabie\git\RepositoryRH\resources\ruralHouses.odb' is opened by 8404@MSI

------------------------------------------------------------------------------------------------------------------------

[2017-05-09 19:33:09 #1 store] 
Database 'C:\Users\xabie\git\RepositoryRH\resources\ruralHouses.odb' is opened by 9340@MSI

------------------------------------------------------------------------------------------------------------------------

[2017-05-09 19:37:51 #1 store] 
Database 'C:\Users\xabie\git\RepositoryRH\resources\ruralHouses.odb' is opened by 11692@MSI

------------------------------------------------------------------------------------------------------------------------

[2017-05-09 19:39:24 #1 store] 
Database 'C:\Users\xabie\git\RepositoryRH\resources\ruralHouses.odb' is opened by 6236@MSI

------------------------------------------------------------------------------------------------------------------------

[2017-05-09 19:40:25 #1 store] 
Database 'C:\Users\xabie\git\RepositoryRH\resources\ruralHouses.odb' is opened by 4476@MSI

------------------------------------------------------------------------------------------------------------------------

[2017-05-09 19:41:45 #1 store] 
Database 'C:\Users\xabie\git\RepositoryRH\resources\ruralHouses.odb' is opened by 7456@MSI

------------------------------------------------------------------------------------------------------------------------

[2017-05-09 19:43:49 #1 store] 
Database 'C:\Users\xabie\git\RepositoryRH\resources\ruralHouses.odb' is opened by 11580@MSI

[2017-05-09 19:44:41 #2 type.registry] 
New type domain.User

[2017-05-09 19:44:41 #3 type.registry] 
New type domain.Owner

[2017-05-09 19:44:41 #4 type] 
Type domain.Owner is not enhanced.

[2017-05-09 19:44:41 #5 type.registry] 
New type domain.RuralHouse

[2017-05-09 19:44:41 #6 type.registry] 
New type java.util.Vector<domain.RuralHouse>

[2017-05-09 19:44:41 #7 type] 
Type domain.RuralHouse is not enhanced.

[2017-05-09 19:44:41 #8 type.registry] 
New type domain.Offer

[2017-05-09 19:44:41 #9 type.registry] 
New type java.util.Vector<domain.Offer>

[2017-05-09 19:44:41 #10 type] 
Type domain.Offer is not enhanced.

------------------------------------------------------------------------------------------------------------------------

[2017-05-09 19:45:06 #1 store] 
Database 'C:\Users\xabie\git\RepositoryRH\resources\ruralHouses.odb' has been recovered (tr. 3-4)

[2017-05-09 19:45:06 #2 store] 
Database 'C:\Users\xabie\git\RepositoryRH\resources\ruralHouses.odb' is opened by 11044@MSI

[2017-05-09 19:45:06 #3 type] 
Type domain.Owner is not enhanced.

[2017-05-09 19:45:06 #4 type] 
Type domain.RuralHouse is not enhanced.

[2017-05-09 19:45:06 #5 type] 
Type domain.Offer is not enhanced.

[2017-05-09 19:45:28 #6 type.registry] 
New type domain.Client

[2017-05-09 19:45:28 #7 type] 
Type domain.Client is not enhanced.

------------------------------------------------------------------------------------------------------------------------

[2017-05-09 19:47:54 #1 store] 
Database 'C:\Users\xabie\git\RepositoryRH\resources\ruralHouses.odb' has been recovered (tr. 5-6)

[2017-05-09 19:47:54 #2 store] 
Database 'C:\Users\xabie\git\RepositoryRH\resources\ruralHouses.odb' is opened by 2040@MSI

[2017-05-09 19:47:55 #3 type] 
Type domain.Owner is not enhanced.

[2017-05-09 19:47:55 #4 type] 
Type domain.RuralHouse is not enhanced.

[2017-05-09 19:47:55 #5 type] 
Type domain.Offer is not enhanced.

[2017-05-09 19:47:55 #6 type] 
Type domain.Client is not enhanced.

------------------------------------------------------------------------------------------------------------------------

[2017-05-09 19:48:43 #1 store] 
Database 'C:\Users\xabie\git\RepositoryRH\resources\ruralHouses.odb' has been recovered (tr. 7-7)

[2017-05-09 19:48:43 #2 store] 
Database 'C:\Users\xabie\git\RepositoryRH\resources\ruralHouses.odb' is opened by 11600@MSI

[2017-05-09 19:48:43 #3 type] 
Type domain.Owner is not enhanced.

[2017-05-09 19:48:43 #4 type] 
Type domain.RuralHouse is not enhanced.

[2017-05-09 19:48:43 #5 type] 
Type domain.Offer is not enhanced.

[2017-05-09 19:48:43 #6 type] 
Type domain.Client is not enhanced.

------------------------------------------------------------------------------------------------------------------------

[2017-05-09 19:49:56 #1 store] 
Database 'C:\Users\xabie\git\RepositoryRH\resources\ruralHouses.odb' is opened by 6476@MSI

[2017-05-09 19:49:56 #2 type] 
Type domain.Owner is not enhanced.

[2017-05-09 19:49:56 #3 type] 
Type domain.RuralHouse is not enhanced.

[2017-05-09 19:49:56 #4 type] 
Type domain.Offer is not enhanced.

[2017-05-09 19:49:56 #5 type] 
Type domain.Client is not enhanced.

