------------------------------------------------------------------------------------------------------------------------

[2017-03-25 16:13:42 #1 store] 
Database 'C:\Users\Alex\git\RepositoryRH\resources\ruralHouses.odb' has been recovered (tr. 30-30)

[2017-03-25 16:13:42 #2 store] 
Database 'C:\Users\Alex\git\RepositoryRH\resources\ruralHouses.odb' is opened by 3460@WINDOWS-7PN3ORU

[2017-03-25 16:13:42 #3 type] 
Type domain.RuralHouse is not enhanced.

[2017-03-25 16:13:42 #4 type] 
Type domain.Offer is not enhanced.

[2017-03-25 16:13:42 #5 type] 
Type domain.Owner is not enhanced.

------------------------------------------------------------------------------------------------------------------------

[2017-03-25 16:14:14 #1 store] 
Database 'C:\Users\Alex\git\RepositoryRH\resources\ruralHouses.odb' is opened by 14020@WINDOWS-7PN3ORU

[2017-03-25 16:14:14 #2 type] 
Type domain.RuralHouse is not enhanced.

[2017-03-25 16:14:14 #3 type] 
Type domain.Offer is not enhanced.

[2017-03-25 16:14:14 #4 type] 
Type domain.Owner is not enhanced.

------------------------------------------------------------------------------------------------------------------------

[2017-03-25 16:29:48 #1 store] 
Database 'C:\Users\Alex\git\RepositoryRH\resources\ruralHouses.odb' has been recovered (tr. 31-32)

[2017-03-25 16:29:48 #2 store] 
Database 'C:\Users\Alex\git\RepositoryRH\resources\ruralHouses.odb' is opened by 1296@WINDOWS-7PN3ORU

[2017-03-25 16:29:49 #3 type] 
Type domain.RuralHouse is not enhanced.

[2017-03-25 16:29:49 #4 type] 
Type domain.Offer is not enhanced.

[2017-03-25 16:29:49 #5 type] 
Type domain.Owner is not enhanced.

[2017-03-25 16:29:55 #6 type.registry] 
New type domain.Client

[2017-03-25 16:29:55 #7 type] 
Type domain.Client is not enhanced.

