------------------------------------------------------------------------------------------------------------------------

[2017-03-24 11:43:07 #1 store] 
Database 'C:\Users\ehu\git\resources\ruralHouses.odb' is opened by 4452@U030075

[2017-03-24 11:43:07 #2 type] 
Type domain.RuralHouse is not enhanced.

[2017-03-24 11:43:07 #3 type] 
Type domain.Offer is not enhanced.

[2017-03-24 11:43:07 #4 type.registry] 
New type domain.User

[2017-03-24 11:43:07 #5 type] 
Type domain.Owner is not enhanced.

------------------------------------------------------------------------------------------------------------------------

[2017-03-24 11:51:00 #1 store] 
Database 'C:\Users\ehu\git\resources\ruralHouses.odb' has been recovered (tr. 27-27)

[2017-03-24 11:51:00 #2 store] 
Database 'C:\Users\ehu\git\resources\ruralHouses.odb' is opened by 1372@U030075

[2017-03-24 11:51:00 #3 type] 
Type domain.RuralHouse is not enhanced.

[2017-03-24 11:51:00 #4 type] 
Type domain.Offer is not enhanced.

[2017-03-24 11:51:00 #5 type] 
Type domain.Owner is not enhanced.

------------------------------------------------------------------------------------------------------------------------

[2017-03-24 11:58:15 #1 store] 
Database 'C:\Users\ehu\git\resources\ruralHouses.odb' is opened by 7100@U030075

[2017-03-24 11:58:16 #2 type] 
Type domain.RuralHouse is not enhanced.

[2017-03-24 11:58:16 #3 type] 
Type domain.Offer is not enhanced.

[2017-03-24 11:58:16 #4 type] 
Type domain.Owner is not enhanced.

[2017-03-24 11:58:16 #5 type.registry] 
New type java.util.Vector<domain.RuralHouse>

------------------------------------------------------------------------------------------------------------------------

[2017-03-24 11:58:21 #1 store] 
Database 'C:\Users\ehu\git\resources\ruralHouses.odb' has been recovered (tr. 28-28)

[2017-03-24 11:58:21 #2 store] 
Database 'C:\Users\ehu\git\resources\ruralHouses.odb' is opened by 6360@U030075

[2017-03-24 11:58:21 #3 type] 
Type domain.RuralHouse is not enhanced.

[2017-03-24 11:58:21 #4 type] 
Type domain.Offer is not enhanced.

[2017-03-24 11:58:21 #5 type] 
Type domain.Owner is not enhanced.

------------------------------------------------------------------------------------------------------------------------

[2017-03-24 11:59:20 #1 store] 
Database 'C:\Users\ehu\git\resources\ruralHouses.odb' is opened by 6944@U030075

[2017-03-24 11:59:20 #2 type] 
Type domain.RuralHouse is not enhanced.

[2017-03-24 11:59:20 #3 type] 
Type domain.Offer is not enhanced.

[2017-03-24 11:59:20 #4 type] 
Type domain.Owner is not enhanced.

------------------------------------------------------------------------------------------------------------------------

[2017-03-24 12:03:05 #1 store] 
Database 'C:\Users\ehu\git\resources\ruralHouses.odb' is opened by 6876@U030075

[2017-03-24 12:03:05 #2 type] 
Type domain.RuralHouse is not enhanced.

[2017-03-24 12:03:05 #3 type] 
Type domain.Offer is not enhanced.

[2017-03-24 12:03:05 #4 type] 
Type domain.Owner is not enhanced.

------------------------------------------------------------------------------------------------------------------------

[2017-03-24 12:03:09 #1 store] 
Database 'C:\Users\ehu\git\resources\ruralHouses.odb' is opened by 6000@U030075

[2017-03-24 12:03:09 #2 type] 
Type domain.RuralHouse is not enhanced.

[2017-03-24 12:03:09 #3 type] 
Type domain.Offer is not enhanced.

[2017-03-24 12:03:09 #4 type] 
Type domain.Owner is not enhanced.

------------------------------------------------------------------------------------------------------------------------

[2017-03-24 12:03:49 #1 store] 
Database 'C:\Users\ehu\git\resources\ruralHouses.odb' is opened by 6272@U030075

[2017-03-24 12:03:49 #2 type] 
Type domain.RuralHouse is not enhanced.

[2017-03-24 12:03:49 #3 type] 
Type domain.Offer is not enhanced.

[2017-03-24 12:03:49 #4 type] 
Type domain.Owner is not enhanced.

------------------------------------------------------------------------------------------------------------------------

[2017-03-24 12:15:47 #1 store] 
Database 'C:\Users\ehu\git\resources\ruralHouses.odb' is opened by 5200@U030075

[2017-03-24 12:15:47 #2 type] 
Type domain.RuralHouse is not enhanced.

[2017-03-24 12:15:47 #3 type] 
Type domain.Offer is not enhanced.

[2017-03-24 12:15:47 #4 type] 
Type domain.Owner is not enhanced.

------------------------------------------------------------------------------------------------------------------------

[2017-03-24 17:20:47 #1 store] 
Database 'C:\Users\ivan7\git\RepositoryRH\resources\ruralHouses.odb' has been recovered (tr. 29-29)

[2017-03-24 17:20:48 #2 store] 
Database 'C:\Users\ivan7\git\RepositoryRH\resources\ruralHouses.odb' is opened by 3636@ivan7-PC

[2017-03-24 17:20:48 #3 type] 
Type domain.RuralHouse is not enhanced.

[2017-03-24 17:20:48 #4 type] 
Type domain.Offer is not enhanced.

[2017-03-24 17:20:48 #5 type] 
Type domain.Owner is not enhanced.

------------------------------------------------------------------------------------------------------------------------

[2017-03-24 17:26:52 #1 store] 
Database 'C:\Users\ivan7\git\RepositoryRH\resources\ruralHouses.odb' is opened by 7976@ivan7-PC

[2017-03-24 17:26:52 #2 type] 
Type domain.RuralHouse is not enhanced.

[2017-03-24 17:26:52 #3 type] 
Type domain.Offer is not enhanced.

[2017-03-24 17:26:52 #4 type] 
Type domain.Owner is not enhanced.

------------------------------------------------------------------------------------------------------------------------

[2017-03-24 17:29:32 #1 store] 
Database 'C:\Users\ivan7\git\RepositoryRH\resources\ruralHouses.odb' is opened by 5244@ivan7-PC

[2017-03-24 17:29:32 #2 type] 
Type domain.RuralHouse is not enhanced.

[2017-03-24 17:29:33 #3 type] 
Type domain.Offer is not enhanced.

[2017-03-24 17:29:33 #4 type] 
Type domain.Owner is not enhanced.

------------------------------------------------------------------------------------------------------------------------

[2017-03-24 17:29:38 #1 store] 
Database 'C:\Users\ivan7\git\RepositoryRH\resources\ruralHouses.odb' is opened by 2876@ivan7-PC

[2017-03-24 17:29:38 #2 type] 
Type domain.RuralHouse is not enhanced.

[2017-03-24 17:29:38 #3 type] 
Type domain.Offer is not enhanced.

[2017-03-24 17:29:38 #4 type] 
Type domain.Owner is not enhanced.

------------------------------------------------------------------------------------------------------------------------

[2017-03-24 17:29:48 #1 store] 
Database 'C:\Users\ivan7\git\RepositoryRH\resources\ruralHouses.odb' is opened by 8184@ivan7-PC

[2017-03-24 17:29:48 #2 type] 
Type domain.RuralHouse is not enhanced.

[2017-03-24 17:29:48 #3 type] 
Type domain.Offer is not enhanced.

[2017-03-24 17:29:48 #4 type] 
Type domain.Owner is not enhanced.

------------------------------------------------------------------------------------------------------------------------

[2017-03-24 17:33:32 #1 store] 
Database 'C:\Users\ivan7\git\RepositoryRH\resources\ruralHouses.odb' is opened by 7260@ivan7-PC

[2017-03-24 17:33:32 #2 type] 
Type domain.RuralHouse is not enhanced.

[2017-03-24 17:33:32 #3 type] 
Type domain.Offer is not enhanced.

[2017-03-24 17:33:32 #4 type] 
Type domain.Owner is not enhanced.

------------------------------------------------------------------------------------------------------------------------

[2017-03-24 17:34:12 #1 store] 
Database 'C:\Users\ivan7\git\RepositoryRH\resources\ruralHouses.odb' is opened by 7948@ivan7-PC

[2017-03-24 17:34:12 #2 type] 
Type domain.RuralHouse is not enhanced.

[2017-03-24 17:34:12 #3 type] 
Type domain.Offer is not enhanced.

[2017-03-24 17:34:12 #4 type] 
Type domain.Owner is not enhanced.

------------------------------------------------------------------------------------------------------------------------

[2017-03-24 17:34:38 #1 store] 
Database 'C:\Users\ivan7\git\RepositoryRH\resources\ruralHouses.odb' is opened by 1480@ivan7-PC

[2017-03-24 17:34:38 #2 type] 
Type domain.RuralHouse is not enhanced.

[2017-03-24 17:34:38 #3 type] 
Type domain.Offer is not enhanced.

[2017-03-24 17:34:38 #4 type] 
Type domain.Owner is not enhanced.

------------------------------------------------------------------------------------------------------------------------

[2017-03-24 17:35:58 #1 store] 
Database 'C:\Users\ivan7\git\RepositoryRH\resources\ruralHouses.odb' is opened by 5756@ivan7-PC

[2017-03-24 17:35:58 #2 type] 
Type domain.RuralHouse is not enhanced.

[2017-03-24 17:35:58 #3 type] 
Type domain.Offer is not enhanced.

[2017-03-24 17:35:58 #4 type] 
Type domain.Owner is not enhanced.

------------------------------------------------------------------------------------------------------------------------

[2017-03-24 17:36:19 #1 store] 
Database 'C:\Users\ivan7\git\RepositoryRH\resources\ruralHouses.odb' is opened by 7764@ivan7-PC

[2017-03-24 17:36:19 #2 type] 
Type domain.RuralHouse is not enhanced.

[2017-03-24 17:36:19 #3 type] 
Type domain.Offer is not enhanced.

[2017-03-24 17:36:19 #4 type] 
Type domain.Owner is not enhanced.

------------------------------------------------------------------------------------------------------------------------

[2017-03-24 17:37:26 #1 store] 
Database 'C:\Users\ivan7\git\RepositoryRH\resources\ruralHouses.odb' is opened by 7812@ivan7-PC

[2017-03-24 17:37:26 #2 type] 
Type domain.RuralHouse is not enhanced.

[2017-03-24 17:37:26 #3 type] 
Type domain.Offer is not enhanced.

[2017-03-24 17:37:26 #4 type] 
Type domain.Owner is not enhanced.

------------------------------------------------------------------------------------------------------------------------

[2017-03-24 17:38:55 #1 store] 
Database 'C:\Users\ivan7\git\RepositoryRH\resources\ruralHouses.odb' is opened by 7416@ivan7-PC

[2017-03-24 17:38:55 #2 type] 
Type domain.RuralHouse is not enhanced.

[2017-03-24 17:38:55 #3 type] 
Type domain.Offer is not enhanced.

[2017-03-24 17:38:55 #4 type] 
Type domain.Owner is not enhanced.

------------------------------------------------------------------------------------------------------------------------

[2017-03-24 17:39:56 #1 store] 
Database 'C:\Users\ivan7\git\RepositoryRH\resources\ruralHouses.odb' is opened by 8060@ivan7-PC

[2017-03-24 17:39:57 #2 type] 
Type domain.RuralHouse is not enhanced.

[2017-03-24 17:39:57 #3 type] 
Type domain.Offer is not enhanced.

[2017-03-24 17:39:57 #4 type] 
Type domain.Owner is not enhanced.

------------------------------------------------------------------------------------------------------------------------

[2017-03-24 17:41:14 #1 store] 
Database 'C:\Users\ivan7\git\RepositoryRH\resources\ruralHouses.odb' is opened by 7564@ivan7-PC

[2017-03-24 17:41:14 #2 type] 
Type domain.RuralHouse is not enhanced.

[2017-03-24 17:41:14 #3 type] 
Type domain.Offer is not enhanced.

[2017-03-24 17:41:14 #4 type] 
Type domain.Owner is not enhanced.

------------------------------------------------------------------------------------------------------------------------

[2017-03-24 17:41:36 #1 store] 
Database 'C:\Users\ivan7\git\RepositoryRH\resources\ruralHouses.odb' is opened by 1840@ivan7-PC

[2017-03-24 17:41:36 #2 type] 
Type domain.RuralHouse is not enhanced.

[2017-03-24 17:41:36 #3 type] 
Type domain.Offer is not enhanced.

[2017-03-24 17:41:36 #4 type] 
Type domain.Owner is not enhanced.

------------------------------------------------------------------------------------------------------------------------

[2017-03-24 17:41:52 #1 store] 
Database 'C:\Users\ivan7\git\RepositoryRH\resources\ruralHouses.odb' is opened by 7648@ivan7-PC

[2017-03-24 17:41:52 #2 type] 
Type domain.RuralHouse is not enhanced.

[2017-03-24 17:41:52 #3 type] 
Type domain.Offer is not enhanced.

[2017-03-24 17:41:52 #4 type] 
Type domain.Owner is not enhanced.

------------------------------------------------------------------------------------------------------------------------

[2017-03-24 17:42:48 #1 store] 
Database 'C:\Users\ivan7\git\RepositoryRH\resources\ruralHouses.odb' is opened by 7460@ivan7-PC

[2017-03-24 17:42:48 #2 type] 
Type domain.RuralHouse is not enhanced.

[2017-03-24 17:42:48 #3 type] 
Type domain.Offer is not enhanced.

[2017-03-24 17:42:48 #4 type] 
Type domain.Owner is not enhanced.

------------------------------------------------------------------------------------------------------------------------

[2017-03-24 17:45:03 #1 store] 
Database 'C:\Users\ivan7\git\RepositoryRH\resources\ruralHouses.odb' is opened by 6820@ivan7-PC

[2017-03-24 17:45:03 #2 type] 
Type domain.RuralHouse is not enhanced.

[2017-03-24 17:45:03 #3 type] 
Type domain.Offer is not enhanced.

[2017-03-24 17:45:03 #4 type] 
Type domain.Owner is not enhanced.

------------------------------------------------------------------------------------------------------------------------

[2017-03-24 17:47:42 #1 store] 
Database 'C:\Users\ivan7\git\RepositoryRH\resources\ruralHouses.odb' is opened by 7568@ivan7-PC

[2017-03-24 17:47:42 #2 type.registry] 
New type domain.RuralHouse

[2017-03-24 17:47:42 #3 type] 
Type domain.RuralHouse is not enhanced.

[2017-03-24 17:47:42 #4 type.registry] 
New type domain.Offer

[2017-03-24 17:47:42 #5 type.registry] 
New type java.util.Vector<domain.Offer>

[2017-03-24 17:47:42 #6 type] 
Type domain.Offer is not enhanced.

[2017-03-24 17:47:42 #7 type.registry] 
New type java.util.Vector<java.lang.Object>

[2017-03-24 17:47:45 #8 type.registry] 
New type domain.User

[2017-03-24 17:47:45 #9 type.registry] 
New type domain.Owner

[2017-03-24 17:47:45 #10 type] 
Type domain.Owner is not enhanced.

[2017-03-24 17:47:45 #11 type.registry] 
New type java.util.Vector<domain.RuralHouse>

------------------------------------------------------------------------------------------------------------------------

[2017-03-24 17:49:17 #1 store] 
Database 'C:\Users\ivan7\git\RepositoryRH\resources\ruralHouses.odb' is opened by 3724@ivan7-PC

[2017-03-24 17:49:17 #2 type.registry] 
New type domain.RuralHouse

[2017-03-24 17:49:17 #3 type] 
Type domain.RuralHouse is not enhanced.

[2017-03-24 17:49:17 #4 type.registry] 
New type domain.Offer

[2017-03-24 17:49:17 #5 type.registry] 
New type java.util.Vector<domain.Offer>

[2017-03-24 17:49:17 #6 type] 
Type domain.Offer is not enhanced.

[2017-03-24 17:49:17 #7 type.registry] 
New type java.util.Vector<java.lang.Object>

[2017-03-24 17:49:24 #8 type.registry] 
New type domain.User

[2017-03-24 17:49:24 #9 type.registry] 
New type domain.Owner

[2017-03-24 17:49:24 #10 type] 
Type domain.Owner is not enhanced.

[2017-03-24 17:49:24 #11 type.registry] 
New type java.util.Vector<domain.RuralHouse>

------------------------------------------------------------------------------------------------------------------------

[2017-03-24 18:01:24 #1 store] 
Database 'C:\Users\ivan7\git\RepositoryRH\resources\ruralHouses.odb' has been recovered (tr. 1-8)

[2017-03-24 18:01:24 #2 store] 
Database 'C:\Users\ivan7\git\RepositoryRH\resources\ruralHouses.odb' is opened by 7620@ivan7-PC

[2017-03-24 18:01:25 #3 type] 
Type domain.RuralHouse is not enhanced.

[2017-03-24 18:01:25 #4 type] 
Type domain.Offer is not enhanced.

[2017-03-24 18:01:25 #5 type] 
Type domain.Owner is not enhanced.

------------------------------------------------------------------------------------------------------------------------

[2017-03-24 18:02:24 #1 store] 
Database 'C:\Users\ivan7\git\RepositoryRH\resources\ruralHouses.odb' is opened by 7580@ivan7-PC

[2017-03-24 18:02:24 #2 type.registry] 
New type domain.RuralHouse

[2017-03-24 18:02:24 #3 type] 
Type domain.RuralHouse is not enhanced.

[2017-03-24 18:02:24 #4 type.registry] 
New type domain.Offer

[2017-03-24 18:02:24 #5 type.registry] 
New type java.util.Vector<domain.Offer>

[2017-03-24 18:02:24 #6 type] 
Type domain.Offer is not enhanced.

[2017-03-24 18:02:24 #7 type.registry] 
New type java.util.Vector<java.lang.Object>

[2017-03-24 18:02:28 #8 type.registry] 
New type domain.User

[2017-03-24 18:02:28 #9 type.registry] 
New type domain.Owner

[2017-03-24 18:02:28 #10 type] 
Type domain.Owner is not enhanced.

[2017-03-24 18:02:28 #11 type.registry] 
New type java.util.Vector<domain.RuralHouse>

------------------------------------------------------------------------------------------------------------------------

[2017-03-24 18:07:17 #1 store] 
Database 'C:\Users\ivan7\git\RepositoryRH\resources\ruralHouses.odb' has been recovered (tr. 1-7)

[2017-03-24 18:07:17 #2 store] 
Database 'C:\Users\ivan7\git\RepositoryRH\resources\ruralHouses.odb' is opened by 5816@ivan7-PC

[2017-03-24 18:07:17 #3 type] 
Type domain.RuralHouse is not enhanced.

[2017-03-24 18:07:17 #4 type] 
Type domain.Offer is not enhanced.

[2017-03-24 18:07:17 #5 type] 
Type domain.Owner is not enhanced.

------------------------------------------------------------------------------------------------------------------------

[2017-03-24 18:27:37 #1 store] 
Database 'C:\Users\ivan7\git\RepositoryRH\resources\ruralHouses.odb' is opened by 3600@ivan7-PC

[2017-03-24 18:27:37 #2 type] 
Type domain.RuralHouse is not enhanced.

[2017-03-24 18:27:37 #3 type] 
Type domain.Offer is not enhanced.

[2017-03-24 18:27:37 #4 type] 
Type domain.Owner is not enhanced.

------------------------------------------------------------------------------------------------------------------------

[2017-03-24 18:29:11 #1 store] 
Database 'C:\Users\ivan7\git\RepositoryRH\resources\ruralHouses.odb' is opened by 6448@ivan7-PC

[2017-03-24 18:29:11 #2 type] 
Type domain.RuralHouse is not enhanced.

[2017-03-24 18:29:11 #3 type] 
Type domain.Offer is not enhanced.

[2017-03-24 18:29:11 #4 type] 
Type domain.Owner is not enhanced.

------------------------------------------------------------------------------------------------------------------------

[2017-03-24 18:34:24 #1 store] 
Database 'C:\Users\ivan7\git\RepositoryRH\resources\ruralHouses.odb' has been recovered (tr. 15-17)

[2017-03-24 18:34:24 #2 store] 
Database 'C:\Users\ivan7\git\RepositoryRH\resources\ruralHouses.odb' is opened by 7196@ivan7-PC

[2017-03-24 18:34:24 #3 type] 
Type domain.RuralHouse is not enhanced.

[2017-03-24 18:34:24 #4 type] 
Type domain.Offer is not enhanced.

[2017-03-24 18:34:24 #5 type] 
Type domain.Owner is not enhanced.

------------------------------------------------------------------------------------------------------------------------

[2017-03-24 18:34:29 #1 store] 
Database 'C:\Users\ivan7\git\RepositoryRH\resources\ruralHouses.odb' is opened by 7988@ivan7-PC

[2017-03-24 18:34:29 #2 type] 
Type domain.RuralHouse is not enhanced.

[2017-03-24 18:34:29 #3 type] 
Type domain.Offer is not enhanced.

[2017-03-24 18:34:29 #4 type] 
Type domain.Owner is not enhanced.

------------------------------------------------------------------------------------------------------------------------

[2017-03-24 18:34:47 #1 store] 
Database 'C:\Users\ivan7\git\RepositoryRH\resources\ruralHouses.odb' is opened by 7300@ivan7-PC

[2017-03-24 18:34:47 #2 type] 
Type domain.RuralHouse is not enhanced.

[2017-03-24 18:34:47 #3 type] 
Type domain.Offer is not enhanced.

[2017-03-24 18:34:47 #4 type] 
Type domain.Owner is not enhanced.

------------------------------------------------------------------------------------------------------------------------

[2017-03-24 18:37:42 #1 store] 
Database 'C:\Users\ivan7\git\RepositoryRH\resources\ruralHouses.odb' has been recovered (tr. 18-18)

[2017-03-24 18:37:42 #2 store] 
Database 'C:\Users\ivan7\git\RepositoryRH\resources\ruralHouses.odb' is opened by 4228@ivan7-PC

[2017-03-24 18:37:43 #3 type] 
Type domain.RuralHouse is not enhanced.

[2017-03-24 18:37:43 #4 type] 
Type domain.Offer is not enhanced.

[2017-03-24 18:37:43 #5 type] 
Type domain.Owner is not enhanced.

------------------------------------------------------------------------------------------------------------------------

[2017-03-24 18:37:52 #1 store] 
Database 'C:\Users\ivan7\git\RepositoryRH\resources\ruralHouses.odb' is opened by 7928@ivan7-PC

[2017-03-24 18:37:52 #2 type] 
Type domain.RuralHouse is not enhanced.

[2017-03-24 18:37:52 #3 type] 
Type domain.Offer is not enhanced.

[2017-03-24 18:37:52 #4 type] 
Type domain.Owner is not enhanced.

------------------------------------------------------------------------------------------------------------------------

[2017-03-24 19:27:07 #1 store] 
Database 'C:\Users\Alex\git\RepositoryRH\resources\ruralHouses.odb' is opened by 10248@WINDOWS-7PN3ORU

[2017-03-24 19:27:07 #2 type] 
Type domain.RuralHouse is not enhanced.

[2017-03-24 19:27:07 #3 type] 
Type domain.Offer is not enhanced.

[2017-03-24 19:27:07 #4 type] 
Type domain.Owner is not enhanced.

------------------------------------------------------------------------------------------------------------------------

[2017-03-24 19:28:06 #1 store] 
Database 'C:\Users\Alex\git\RepositoryRH\resources\ruralHouses.odb' has been recovered (tr. 19-22)

[2017-03-24 19:28:06 #2 store] 
Database 'C:\Users\Alex\git\RepositoryRH\resources\ruralHouses.odb' is opened by 12940@WINDOWS-7PN3ORU

[2017-03-24 19:28:06 #3 type] 
Type domain.RuralHouse is not enhanced.

[2017-03-24 19:28:06 #4 type] 
Type domain.Offer is not enhanced.

[2017-03-24 19:28:06 #5 type] 
Type domain.Owner is not enhanced.

------------------------------------------------------------------------------------------------------------------------

[2017-03-24 19:35:44 #1 store] 
Database 'C:\Users\Alex\git\RepositoryRH\resources\ruralHouses.odb' has been recovered (tr. 23-28)

[2017-03-24 19:35:44 #2 store] 
Database 'C:\Users\Alex\git\RepositoryRH\resources\ruralHouses.odb' is opened by 5216@WINDOWS-7PN3ORU

[2017-03-24 19:35:44 #3 type] 
Type domain.RuralHouse is not enhanced.

[2017-03-24 19:35:44 #4 type] 
Type domain.Offer is not enhanced.

[2017-03-24 19:35:44 #5 type] 
Type domain.Owner is not enhanced.

------------------------------------------------------------------------------------------------------------------------

[2017-03-24 19:37:16 #1 store] 
Database 'C:\Users\Alex\git\RepositoryRH\resources\ruralHouses.odb' has been recovered (tr. 29-29)

[2017-03-24 19:37:16 #2 store] 
Database 'C:\Users\Alex\git\RepositoryRH\resources\ruralHouses.odb' is opened by 6456@WINDOWS-7PN3ORU

[2017-03-24 19:37:16 #3 type] 
Type domain.RuralHouse is not enhanced.

[2017-03-24 19:37:16 #4 type] 
Type domain.Offer is not enhanced.

[2017-03-24 19:37:16 #5 type] 
Type domain.Owner is not enhanced.

