------------------------------------------------------------------------------------------------------------------------

[2017-04-02 01:14:54 #1 store] 
Database 'C:\Users\ivan7\git\RepositoryRH\resources\ruralHouses.odb' has been recovered (tr. 52-52)

[2017-04-02 01:14:54 #2 store] 
Database 'C:\Users\ivan7\git\RepositoryRH\resources\ruralHouses.odb' is opened by 8860@ivan7-PC

[2017-04-02 01:14:54 #3 type] 
Type domain.RuralHouse is not enhanced.

[2017-04-02 01:14:54 #4 type] 
Type domain.Offer is not enhanced.

[2017-04-02 01:14:54 #5 type] 
Type domain.Owner is not enhanced.

[2017-04-02 01:14:54 #6 type] 
Type domain.Client is not enhanced.

------------------------------------------------------------------------------------------------------------------------

[2017-04-02 13:42:58 #1 store] 
Database 'C:\Users\ivan7\git\RepositoryRH\resources\ruralHouses.odb' has been recovered (tr. 53-53)

[2017-04-02 13:42:58 #2 store] 
Database 'C:\Users\ivan7\git\RepositoryRH\resources\ruralHouses.odb' is opened by 8096@ivan7-PC

[2017-04-02 13:42:58 #3 type] 
Type domain.RuralHouse is not enhanced.

[2017-04-02 13:42:58 #4 type] 
Type domain.Offer is not enhanced.

[2017-04-02 13:42:58 #5 type] 
Type domain.Owner is not enhanced.

[2017-04-02 13:42:58 #6 type] 
Type domain.Client is not enhanced.

------------------------------------------------------------------------------------------------------------------------

[2017-04-02 14:01:08 #1 store] 
Database 'C:\Users\ivan7\git\RepositoryRH\resources\ruralHouses.odb' is opened by 4512@ivan7-PC

[2017-04-02 14:01:08 #2 type] 
Type domain.RuralHouse is not enhanced.

[2017-04-02 14:01:08 #3 type] 
Type domain.Offer is not enhanced.

[2017-04-02 14:01:08 #4 type] 
Type domain.Owner is not enhanced.

[2017-04-02 14:01:08 #5 type] 
Type domain.Client is not enhanced.

------------------------------------------------------------------------------------------------------------------------

[2017-04-02 14:01:49 #1 store] 
Database 'C:\Users\ivan7\git\RepositoryRH\resources\ruralHouses.odb' is opened by 7080@ivan7-PC

[2017-04-02 14:01:49 #2 type] 
Type domain.RuralHouse is not enhanced.

[2017-04-02 14:01:49 #3 type] 
Type domain.Offer is not enhanced.

[2017-04-02 14:01:49 #4 type] 
Type domain.Owner is not enhanced.

[2017-04-02 14:01:49 #5 type] 
Type domain.Client is not enhanced.

------------------------------------------------------------------------------------------------------------------------

[2017-04-02 14:03:57 #1 store] 
Database 'C:\Users\ivan7\git\RepositoryRH\resources\ruralHouses.odb' is opened by 8020@ivan7-PC

[2017-04-02 14:03:57 #2 type] 
Type domain.RuralHouse is not enhanced.

[2017-04-02 14:03:57 #3 type] 
Type domain.Offer is not enhanced.

[2017-04-02 14:03:57 #4 type] 
Type domain.Owner is not enhanced.

[2017-04-02 14:03:57 #5 type] 
Type domain.Client is not enhanced.

------------------------------------------------------------------------------------------------------------------------

[2017-04-02 14:05:15 #1 store] 
Database 'C:\Users\ivan7\git\RepositoryRH\resources\ruralHouses.odb' is opened by 4264@ivan7-PC

[2017-04-02 14:05:15 #2 type] 
Type domain.RuralHouse is not enhanced.

[2017-04-02 14:05:15 #3 type] 
Type domain.Offer is not enhanced.

[2017-04-02 14:05:15 #4 type] 
Type domain.Owner is not enhanced.

[2017-04-02 14:05:15 #5 type] 
Type domain.Client is not enhanced.

------------------------------------------------------------------------------------------------------------------------

[2017-04-02 14:06:56 #1 store] 
Database 'C:\Users\ivan7\git\RepositoryRH\resources\ruralHouses.odb' is opened by 7584@ivan7-PC

[2017-04-02 14:06:57 #2 type] 
Type domain.RuralHouse is not enhanced.

[2017-04-02 14:06:57 #3 type] 
Type domain.Offer is not enhanced.

[2017-04-02 14:06:57 #4 type] 
Type domain.Owner is not enhanced.

[2017-04-02 14:06:57 #5 type] 
Type domain.Client is not enhanced.

------------------------------------------------------------------------------------------------------------------------

[2017-04-02 14:09:42 #1 store] 
Database 'C:\Users\ivan7\git\RepositoryRH\resources\ruralHouses.odb' is opened by 6340@ivan7-PC

[2017-04-02 14:09:42 #2 type] 
Type domain.RuralHouse is not enhanced.

[2017-04-02 14:09:42 #3 type] 
Type domain.Offer is not enhanced.

[2017-04-02 14:09:42 #4 type] 
Type domain.Owner is not enhanced.

[2017-04-02 14:09:42 #5 type] 
Type domain.Client is not enhanced.

------------------------------------------------------------------------------------------------------------------------

[2017-04-02 14:14:55 #1 store] 
Database 'C:\Users\ivan7\git\RepositoryRH\resources\ruralHouses.odb' has been recovered (tr. 54-54)

[2017-04-02 14:14:55 #2 store] 
Database 'C:\Users\ivan7\git\RepositoryRH\resources\ruralHouses.odb' is opened by 6868@ivan7-PC

[2017-04-02 14:14:55 #3 type] 
Type domain.RuralHouse is not enhanced.

[2017-04-02 14:14:55 #4 type] 
Type domain.Offer is not enhanced.

[2017-04-02 14:14:55 #5 type] 
Type domain.Owner is not enhanced.

[2017-04-02 14:14:55 #6 type] 
Type domain.Client is not enhanced.

------------------------------------------------------------------------------------------------------------------------

[2017-04-02 14:22:39 #1 store] 
Database 'C:\Users\ivan7\git\RepositoryRH\resources\ruralHouses.odb' is opened by 8180@ivan7-PC

[2017-04-02 14:22:39 #2 type] 
Type domain.RuralHouse is not enhanced.

[2017-04-02 14:22:39 #3 type] 
Type domain.Offer is not enhanced.

[2017-04-02 14:22:39 #4 type] 
Type domain.Owner is not enhanced.

[2017-04-02 14:22:39 #5 type] 
Type domain.Client is not enhanced.

------------------------------------------------------------------------------------------------------------------------

[2017-04-02 14:29:31 #1 store] 
Database 'C:\Users\ivan7\git\RepositoryRH\resources\ruralHouses.odb' has been recovered (tr. 55-56)

[2017-04-02 14:29:31 #2 store] 
Database 'C:\Users\ivan7\git\RepositoryRH\resources\ruralHouses.odb' is opened by 7912@ivan7-PC

[2017-04-02 14:29:31 #3 type] 
Type domain.RuralHouse is not enhanced.

[2017-04-02 14:29:31 #4 type] 
Type domain.Offer is not enhanced.

[2017-04-02 14:29:31 #5 type] 
Type domain.Owner is not enhanced.

[2017-04-02 14:29:31 #6 type] 
Type domain.Client is not enhanced.

------------------------------------------------------------------------------------------------------------------------

[2017-04-02 14:32:24 #1 store] 
Database 'C:\Users\ivan7\git\RepositoryRH\resources\ruralHouses.odb' is opened by 4444@ivan7-PC

[2017-04-02 14:32:24 #2 type] 
Type domain.RuralHouse is not enhanced.

[2017-04-02 14:32:24 #3 type] 
Type domain.Offer is not enhanced.

[2017-04-02 14:32:24 #4 type] 
Type domain.Owner is not enhanced.

[2017-04-02 14:32:24 #5 type] 
Type domain.Client is not enhanced.

------------------------------------------------------------------------------------------------------------------------

[2017-04-02 14:36:44 #1 store] 
Database 'C:\Users\ivan7\git\RepositoryRH\resources\ruralHouses.odb' is opened by 7460@ivan7-PC

[2017-04-02 14:36:44 #2 type] 
Type domain.RuralHouse is not enhanced.

[2017-04-02 14:36:44 #3 type] 
Type domain.Offer is not enhanced.

[2017-04-02 14:36:44 #4 type] 
Type domain.Owner is not enhanced.

[2017-04-02 14:36:44 #5 type] 
Type domain.Client is not enhanced.

------------------------------------------------------------------------------------------------------------------------

[2017-04-02 14:37:32 #1 store] 
Database 'C:\Users\ivan7\git\RepositoryRH\resources\ruralHouses.odb' is opened by 6140@ivan7-PC

[2017-04-02 14:37:32 #2 type] 
Type domain.RuralHouse is not enhanced.

[2017-04-02 14:37:32 #3 type] 
Type domain.Offer is not enhanced.

[2017-04-02 14:37:32 #4 type] 
Type domain.Owner is not enhanced.

[2017-04-02 14:37:32 #5 type] 
Type domain.Client is not enhanced.

------------------------------------------------------------------------------------------------------------------------

[2017-04-02 14:40:50 #1 store] 
Database 'C:\Users\ivan7\git\RepositoryRH\resources\ruralHouses.odb' is opened by 6460@ivan7-PC

[2017-04-02 14:40:50 #2 type] 
Type domain.RuralHouse is not enhanced.

[2017-04-02 14:40:50 #3 type] 
Type domain.Offer is not enhanced.

[2017-04-02 14:40:50 #4 type] 
Type domain.Owner is not enhanced.

[2017-04-02 14:40:50 #5 type] 
Type domain.Client is not enhanced.

------------------------------------------------------------------------------------------------------------------------

[2017-04-02 15:06:10 #1 store] 
Database 'C:\Users\ivan7\git\RepositoryRH\resources\ruralHouses.odb' is opened by 7732@ivan7-PC

[2017-04-02 15:06:10 #2 type] 
Type domain.RuralHouse is not enhanced.

[2017-04-02 15:06:10 #3 type] 
Type domain.Offer is not enhanced.

[2017-04-02 15:06:10 #4 type] 
Type domain.Owner is not enhanced.

[2017-04-02 15:06:10 #5 type] 
Type domain.Client is not enhanced.

------------------------------------------------------------------------------------------------------------------------

[2017-04-02 15:07:15 #1 store] 
Database 'C:\Users\ivan7\git\RepositoryRH\resources\ruralHouses.odb' is opened by 5324@ivan7-PC

[2017-04-02 15:07:16 #2 type] 
Type domain.RuralHouse is not enhanced.

[2017-04-02 15:07:16 #3 type] 
Type domain.Offer is not enhanced.

[2017-04-02 15:07:16 #4 type] 
Type domain.Owner is not enhanced.

[2017-04-02 15:07:16 #5 type] 
Type domain.Client is not enhanced.

